{"numFailedTestSuites":1,"numFailedTests":2,"numPassedTestSuites":0,"numPassedTests":64,"numPendingTestSuites":0,"numPendingTests":1,"numRuntimeErrorTestSuites":0,"numTodoTests":0,"numTotalTestSuites":1,"numTotalTests":67,"openHandles":[],"snapshot":{"added":0,"didUpdate":false,"failure":false,"filesAdded":0,"filesRemoved":0,"filesRemovedList":[],"filesUnmatched":0,"filesUpdated":0,"matched":0,"total":0,"unchecked":0,"uncheckedKeysByFile":[],"unmatched":0,"updated":0},"startTime":1774049453268,"success":false,"testResults":[{"assertionResults":[{"ancestorTitles":["OtherProductShared contract version flow with relations","product single crud"],"duration":4,"failing":false,"failureDetails":[],"failureMessages":[],"fullName":"OtherProductShared contract version flow with relations product single crud holds the correct metadata","invocations":1,"location":null,"numPassingAsserts":2,"retryReasons":[],"startAt":1774049455343,"status":"passed","title":"holds the correct metadata"},{"ancestorTitles":["OtherProductShared contract version flow with relations","product single crud"],"duration":541,"failing":false,"failureDetails":[],"failureMessages":[],"fullName":"OtherProductShared contract version flow with relations product single crud creates with shared data","invocations":1,"location":null,"numPassingAsserts":10,"retryReasons":[],"startAt":1774049455348,"status":"passed","title":"creates with shared data"},{"ancestorTitles":["OtherProductShared contract version flow with relations","product single crud"],"duration":36,"failing":false,"failureDetails":[],"failureMessages":[],"fullName":"OtherProductShared contract version flow with relations product single crud reads the shared data","invocations":1,"location":null,"numPassingAsserts":1,"retryReasons":[],"startAt":1774049455889,"status":"passed","title":"reads the shared data"},{"ancestorTitles":["OtherProductShared contract version flow with relations","product single crud"],"duration":597,"failing":false,"failureDetails":[],"failureMessages":[],"fullName":"OtherProductShared contract version flow with relations product single crud update with shared data","invocations":1,"location":null,"numPassingAsserts":18,"retryReasons":[],"startAt":1774049455925,"status":"passed","title":"update with shared data"},{"ancestorTitles":["OtherProductShared contract version flow with relations","product single crud"],"duration":91,"failing":false,"failureDetails":[],"failureMessages":[],"fullName":"OtherProductShared contract version flow with relations product single crud reads the shared data again","invocations":1,"location":null,"numPassingAsserts":1,"retryReasons":[],"startAt":1774049456522,"status":"passed","title":"reads the shared data again"},{"ancestorTitles":["OtherProductShared contract version flow with relations","product single crud"],"duration":1128,"failing":false,"failureDetails":[],"failureMessages":[],"fullName":"OtherProductShared contract version flow with relations product single crud creates a shared product with an image and supports bulk reads","invocations":1,"location":null,"numPassingAsserts":6,"retryReasons":[],"startAt":1774049456613,"status":"passed","title":"creates a shared product with an image and supports bulk reads"},{"ancestorTitles":["OtherProductShared contract version flow with relations","product single crud"],"duration":106,"failing":false,"failureDetails":[],"failureMessages":[],"fullName":"OtherProductShared contract version flow with relations product single crud non-mirror reads ignore mirror collection mutations","invocations":1,"location":null,"numPassingAsserts":3,"retryReasons":[],"startAt":1774049457741,"status":"passed","title":"non-mirror reads ignore mirror collection mutations"},{"ancestorTitles":["OtherProductShared contract version flow with relations","product single crud"],"duration":1145,"failing":false,"failureDetails":[],"failureMessages":[],"fullName":"OtherProductShared contract version flow with relations product single crud updates the shared data","invocations":1,"location":null,"numPassingAsserts":31,"retryReasons":[],"startAt":1774049457847,"status":"passed","title":"updates the shared data"},{"ancestorTitles":["OtherProductShared contract version flow with relations","product single crud"],"duration":539,"failing":false,"failureDetails":[],"failureMessages":[],"fullName":"OtherProductShared contract version flow with relations product single crud deletes the relations","invocations":1,"location":null,"numPassingAsserts":10,"retryReasons":[],"startAt":1774049458993,"status":"passed","title":"deletes the relations"},{"ancestorTitles":["OtherProductShared contract version flow with relations","product single crud"],"duration":681,"failing":false,"failureDetails":[],"failureMessages":[],"fullName":"OtherProductShared contract version flow with relations product single crud Create Image in update","invocations":1,"location":null,"numPassingAsserts":10,"retryReasons":[],"startAt":1774049459532,"status":"passed","title":"Create Image in update"},{"ancestorTitles":["OtherProductShared contract version flow with relations","product single crud"],"duration":117,"failing":false,"failureDetails":[],"failureMessages":[],"fullName":"OtherProductShared contract version flow with relations product single crud deletes the shared data","invocations":1,"location":null,"numPassingAsserts":7,"retryReasons":[],"startAt":1774049460213,"status":"passed","title":"deletes the shared data"},{"ancestorTitles":["OtherProductShared contract version flow with relations","product audit tracking"],"duration":35,"failing":false,"failureDetails":[],"failureMessages":[],"fullName":"OtherProductShared contract version flow with relations product audit tracking records audit entries for shared product lifecycle","invocations":1,"location":null,"numPassingAsserts":2,"retryReasons":[],"startAt":1774049460330,"status":"passed","title":"records audit entries for shared product lifecycle"},{"ancestorTitles":["OtherProductShared contract version flow with relations","product audit tracking"],"duration":61,"failing":false,"failureDetails":[],"failureMessages":[],"fullName":"OtherProductShared contract version flow with relations product audit tracking reads audit history via readAll","invocations":1,"location":null,"numPassingAsserts":0,"retryReasons":[],"startAt":1774049460365,"status":"passed","title":"reads audit history via readAll"},{"ancestorTitles":["OtherProductShared contract version flow with relations","product audit tracking"],"duration":5,"failing":false,"failureDetails":[],"failureMessages":[],"fullName":"OtherProductShared contract version flow with relations product audit tracking paginates audit entries","invocations":1,"location":null,"numPassingAsserts":3,"retryReasons":[],"startAt":1774049460426,"status":"passed","title":"paginates audit entries"},{"ancestorTitles":["OtherProductShared contract version flow with relations","product Bulk Crud & query"],"duration":4535,"failing":false,"failureDetails":[],"failureMessages":[],"fullName":"OtherProductShared contract version flow with relations product Bulk Crud & query Creates in bulk","invocations":1,"location":null,"numPassingAsserts":250,"retryReasons":[],"startAt":1774049460431,"status":"passed","title":"Creates in bulk"},{"ancestorTitles":["OtherProductShared contract version flow with relations","product Bulk Crud & query"],"duration":3738,"failing":false,"failureDetails":[],"failureMessages":[],"fullName":"OtherProductShared contract version flow with relations product Bulk Crud & query Reads in Bulk","invocations":1,"location":null,"numPassingAsserts":150,"retryReasons":[],"startAt":1774049464967,"status":"passed","title":"Reads in Bulk"},{"ancestorTitles":["OtherProductShared contract version flow with relations","product Bulk Crud & query"],"duration":7304,"failing":false,"failureDetails":[],"failureMessages":[],"fullName":"OtherProductShared contract version flow with relations product Bulk Crud & query Updates in Bulk","invocations":1,"location":null,"numPassingAsserts":150,"retryReasons":[],"startAt":1774049468705,"status":"passed","title":"Updates in Bulk"},{"ancestorTitles":["OtherProductShared contract version flow with relations","product Bulk Crud & query"],"duration":126,"failing":false,"failureDetails":[],"failureMessages":[],"fullName":"OtherProductShared contract version flow with relations product Bulk Crud & query lists via statement","invocations":1,"location":null,"numPassingAsserts":2,"retryReasons":[],"startAt":1774049476009,"status":"passed","title":"lists via statement"},{"ancestorTitles":["OtherProductShared contract version flow with relations","product Bulk Crud & query"],"duration":9,"failing":false,"failureDetails":[{}],"failureMessages":["Error: expect(received).toBeGreaterThanOrEqual(expected)\n\nMatcher error: received value must be a number or bigint\n\nReceived has value: undefined\n    at Object.<anonymous> (/home/tvenceslau/local-workspace/decaf-ts/for-fabric/tests/unit/other-product-shared-version.test.ts:1059:31)"],"fullName":"OtherProductShared contract version flow with relations product Bulk Crud & query paginates via paginateBy","invocations":1,"location":null,"numPassingAsserts":8,"retryReasons":[],"startAt":1774049476135,"status":"failed","title":"paginates via paginateBy"},{"ancestorTitles":["OtherProductShared contract version flow with relations","product Bulk Crud & query"],"duration":8,"failing":false,"failureDetails":[],"failureMessages":[],"fullName":"OtherProductShared contract version flow with relations product Bulk Crud & query paginates via statement","invocations":1,"location":null,"numPassingAsserts":10,"retryReasons":[],"startAt":1774049476144,"status":"passed","title":"paginates via statement"},{"ancestorTitles":["OtherProductShared contract version flow with relations","product Bulk Crud & query"],"duration":17,"failing":false,"failureDetails":[],"failureMessages":[],"fullName":"OtherProductShared contract version flow with relations product Bulk Crud & query finds shared products via default query attributes","invocations":1,"location":null,"numPassingAsserts":2,"retryReasons":[],"startAt":1774049476152,"status":"passed","title":"finds shared products via default query attributes"},{"ancestorTitles":["OtherProductShared contract version flow with relations","product Bulk Crud & query"],"duration":null,"failing":false,"failureDetails":[],"failureMessages":[],"fullName":"OtherProductShared contract version flow with relations product Bulk Crud & query pages shared products via default query attributes","invocations":1,"location":null,"numPassingAsserts":0,"retryReasons":[],"startAt":1774049476169,"status":"pending","title":"pages shared products via default query attributes"},{"ancestorTitles":["OtherProductShared contract version flow with relations","product Bulk Crud & query"],"duration":2014,"failing":false,"failureDetails":[],"failureMessages":[],"fullName":"OtherProductShared contract version flow with relations product Bulk Crud & query Deletes in Bulk","invocations":1,"location":null,"numPassingAsserts":50,"retryReasons":[],"startAt":1774049476169,"status":"passed","title":"Deletes in Bulk"},{"ancestorTitles":["OtherProductShared contract version flow with relations","batch single crud"],"duration":1,"failing":false,"failureDetails":[],"failureMessages":[],"fullName":"OtherProductShared contract version flow with relations batch single crud holds the correct metadata","invocations":1,"location":null,"numPassingAsserts":2,"retryReasons":[],"startAt":1774049478183,"status":"passed","title":"holds the correct metadata"},{"ancestorTitles":["OtherProductShared contract version flow with relations","batch single crud"],"duration":150,"failing":false,"failureDetails":[],"failureMessages":[],"fullName":"OtherProductShared contract version flow with relations batch single crud creates with shared data","invocations":1,"location":null,"numPassingAsserts":4,"retryReasons":[],"startAt":1774049478185,"status":"passed","title":"creates with shared data"},{"ancestorTitles":["OtherProductShared contract version flow with relations","batch single crud"],"duration":41,"failing":false,"failureDetails":[],"failureMessages":[],"fullName":"OtherProductShared contract version flow with relations batch single crud reads the shared data","invocations":1,"location":null,"numPassingAsserts":1,"retryReasons":[],"startAt":1774049478335,"status":"passed","title":"reads the shared data"},{"ancestorTitles":["OtherProductShared contract version flow with relations","batch single crud"],"duration":235,"failing":false,"failureDetails":[],"failureMessages":[],"fullName":"OtherProductShared contract version flow with relations batch single crud update with shared data","invocations":1,"location":null,"numPassingAsserts":3,"retryReasons":[],"startAt":1774049478376,"status":"passed","title":"update with shared data"},{"ancestorTitles":["OtherProductShared contract version flow with relations","batch single crud"],"duration":41,"failing":false,"failureDetails":[],"failureMessages":[],"fullName":"OtherProductShared contract version flow with relations batch single crud reads the shared data again","invocations":1,"location":null,"numPassingAsserts":1,"retryReasons":[],"startAt":1774049478611,"status":"passed","title":"reads the shared data again"},{"ancestorTitles":["OtherProductShared contract version flow with relations","batch single crud"],"duration":78,"failing":false,"failureDetails":[],"failureMessages":[],"fullName":"OtherProductShared contract version flow with relations batch single crud deletes the shared data","invocations":1,"location":null,"numPassingAsserts":3,"retryReasons":[],"startAt":1774049478652,"status":"passed","title":"deletes the shared data"},{"ancestorTitles":["OtherProductShared contract version flow with relations","batch Bulk Crud & query"],"duration":2224,"failing":false,"failureDetails":[],"failureMessages":[],"fullName":"OtherProductShared contract version flow with relations batch Bulk Crud & query Creates in bulk","invocations":1,"location":null,"numPassingAsserts":40,"retryReasons":[],"startAt":1774049478730,"status":"passed","title":"Creates in bulk"},{"ancestorTitles":["OtherProductShared contract version flow with relations","batch Bulk Crud & query"],"duration":2840,"failing":false,"failureDetails":[],"failureMessages":[],"fullName":"OtherProductShared contract version flow with relations batch Bulk Crud & query updates in bulk","invocations":1,"location":null,"numPassingAsserts":30,"retryReasons":[],"startAt":1774049480954,"status":"passed","title":"updates in bulk"},{"ancestorTitles":["OtherProductShared contract version flow with relations","batch Bulk Crud & query"],"duration":7,"failing":false,"failureDetails":[{"matcherResult":{"actual":1,"expected":4,"message":"expect(received).toEqual(expected) // deep equality\n\nExpected: 4\nReceived: 1","name":"toEqual","pass":false}}],"failureMessages":["Error: expect(received).toEqual(expected) // deep equality\n\nExpected: 4\nReceived: 1\n    at Object.<anonymous> (/home/tvenceslau/local-workspace/decaf-ts/for-fabric/tests/unit/other-product-shared-version.test.ts:1426:31)"],"fullName":"OtherProductShared contract version flow with relations batch Bulk Crud & query paginates via paginateBy","invocations":1,"location":null,"numPassingAsserts":12,"retryReasons":[],"startAt":1774049483794,"status":"failed","title":"paginates via paginateBy"},{"ancestorTitles":["OtherProductShared contract version flow with relations","batch Bulk Crud & query"],"duration":7,"failing":false,"failureDetails":[],"failureMessages":[],"fullName":"OtherProductShared contract version flow with relations batch Bulk Crud & query paginates via statement","invocations":1,"location":null,"numPassingAsserts":10,"retryReasons":[],"startAt":1774049483801,"status":"passed","title":"paginates via statement"},{"ancestorTitles":["OtherProductShared contract version flow with relations","batch Bulk Crud & query"],"duration":8,"failing":false,"failureDetails":[],"failureMessages":[],"fullName":"OtherProductShared contract version flow with relations batch Bulk Crud & query lists via statement","invocations":1,"location":null,"numPassingAsserts":2,"retryReasons":[],"startAt":1774049483808,"status":"passed","title":"lists via statement"},{"ancestorTitles":["OtherProductShared contract version flow with relations","batch Bulk Crud & query"],"duration":990,"failing":false,"failureDetails":[],"failureMessages":[],"fullName":"OtherProductShared contract version flow with relations batch Bulk Crud & query Deletes in Bulk","invocations":1,"location":null,"numPassingAsserts":30,"retryReasons":[],"startAt":1774049483816,"status":"passed","title":"Deletes in Bulk"},{"ancestorTitles":["OtherProductShared contract version flow with relations","related contract coverage"],"duration":67,"failing":false,"failureDetails":[],"failureMessages":[],"fullName":"OtherProductShared contract version flow with relations related contract coverage covers strength contract operations","invocations":1,"location":null,"numPassingAsserts":4,"retryReasons":[],"startAt":1774049484806,"status":"passed","title":"covers strength contract operations"},{"ancestorTitles":["OtherProductShared contract version flow with relations","related contract coverage"],"duration":154,"failing":false,"failureDetails":[],"failureMessages":[],"fullName":"OtherProductShared contract version flow with relations related contract coverage covers market contract operations","invocations":1,"location":null,"numPassingAsserts":6,"retryReasons":[],"startAt":1774049484873,"status":"passed","title":"covers market contract operations"},{"ancestorTitles":["OtherProductShared contract version flow with relations","related contract coverage"],"duration":86,"failing":false,"failureDetails":[],"failureMessages":[],"fullName":"OtherProductShared contract version flow with relations related contract coverage covers image contract operations","invocations":1,"location":null,"numPassingAsserts":3,"retryReasons":[],"startAt":1774049485027,"status":"passed","title":"covers image contract operations"},{"ancestorTitles":["OtherProductShared contract version flow with relations","strength contract coverage"],"duration":267,"failing":false,"failureDetails":[],"failureMessages":[],"fullName":"OtherProductShared contract version flow with relations strength contract coverage reads, bulk reads, and queries strengths","invocations":1,"location":null,"numPassingAsserts":7,"retryReasons":[],"startAt":1774049485113,"status":"passed","title":"reads, bulk reads, and queries strengths"},{"ancestorTitles":["OtherProductShared contract version flow with relations","market contract coverage"],"duration":243,"failing":false,"failureDetails":[],"failureMessages":[],"fullName":"OtherProductShared contract version flow with relations market contract coverage reads, bulk reads, and queries markets","invocations":1,"location":null,"numPassingAsserts":7,"retryReasons":[],"startAt":1774049485381,"status":"passed","title":"reads, bulk reads, and queries markets"},{"ancestorTitles":["OtherProductShared contract version flow with relations","image contract coverage"],"duration":124,"failing":false,"failureDetails":[],"failureMessages":[],"fullName":"OtherProductShared contract version flow with relations image contract coverage reads, bulk reads, and queries images","invocations":1,"location":null,"numPassingAsserts":7,"retryReasons":[],"startAt":1774049485624,"status":"passed","title":"reads, bulk reads, and queries images"},{"ancestorTitles":["OtherProductShared contract version flow with relations","default query paging for related contracts"],"duration":1631,"failing":false,"failureDetails":[],"failureMessages":[],"fullName":"OtherProductShared contract version flow with relations default query paging for related contracts navigates strength pages via numeric default tokens","invocations":1,"location":null,"numPassingAsserts":7,"retryReasons":[],"startAt":1774049485748,"status":"passed","title":"navigates strength pages via numeric default tokens"},{"ancestorTitles":["OtherProductShared contract version flow with relations","default query paging for related contracts"],"duration":391,"failing":false,"failureDetails":[],"failureMessages":[],"fullName":"OtherProductShared contract version flow with relations default query paging for related contracts pages markets containing numeric tokens with stable ordering","invocations":1,"location":null,"numPassingAsserts":3,"retryReasons":[],"startAt":1774049487379,"status":"passed","title":"pages markets containing numeric tokens with stable ordering"},{"ancestorTitles":["OtherProductShared contract version flow with relations","default query paging for related contracts"],"duration":1144,"failing":false,"failureDetails":[],"failureMessages":[],"fullName":"OtherProductShared contract version flow with relations default query paging for related contracts resumes images via numeric product codes and bookmarks","invocations":1,"location":null,"numPassingAsserts":2,"retryReasons":[],"startAt":1774049487770,"status":"passed","title":"resumes images via numeric product codes and bookmarks"},{"ancestorTitles":["OtherProductShared contract version flow with relations","mirror behavior with org-b identity","product mirror"],"duration":750,"failing":false,"failureDetails":[],"failureMessages":[],"fullName":"OtherProductShared contract version flow with relations mirror behavior with org-b identity product mirror creates products with Aeon and verifies mirror copies","invocations":1,"location":null,"numPassingAsserts":30,"retryReasons":[],"startAt":1774049488915,"status":"passed","title":"creates products with Aeon and verifies mirror copies"},{"ancestorTitles":["OtherProductShared contract version flow with relations","mirror behavior with org-b identity","product mirror"],"duration":1,"failing":false,"failureDetails":[],"failureMessages":[],"fullName":"OtherProductShared contract version flow with relations mirror behavior with org-b identity product mirror modifies mirror data to prove read exclusivity","invocations":1,"location":null,"numPassingAsserts":1,"retryReasons":[],"startAt":1774049489665,"status":"passed","title":"modifies mirror data to prove read exclusivity"},{"ancestorTitles":["OtherProductShared contract version flow with relations","mirror behavior with org-b identity","product mirror"],"duration":7,"failing":false,"failureDetails":[],"failureMessages":[],"fullName":"OtherProductShared contract version flow with relations mirror behavior with org-b identity product mirror rejects product create from org-b","invocations":1,"location":null,"numPassingAsserts":1,"retryReasons":[],"startAt":1774049489666,"status":"passed","title":"rejects product create from org-b"},{"ancestorTitles":["OtherProductShared contract version flow with relations","mirror behavior with org-b identity","product mirror"],"duration":7,"failing":false,"failureDetails":[],"failureMessages":[],"fullName":"OtherProductShared contract version flow with relations mirror behavior with org-b identity product mirror rejects product update from org-b","invocations":1,"location":null,"numPassingAsserts":1,"retryReasons":[],"startAt":1774049489673,"status":"passed","title":"rejects product update from org-b"},{"ancestorTitles":["OtherProductShared contract version flow with relations","mirror behavior with org-b identity","product mirror"],"duration":65,"failing":false,"failureDetails":[],"failureMessages":[],"fullName":"OtherProductShared contract version flow with relations mirror behavior with org-b identity product mirror reads product EXCLUSIVELY from mirror collection","invocations":1,"location":null,"numPassingAsserts":3,"retryReasons":[],"startAt":1774049489680,"status":"passed","title":"reads product EXCLUSIVELY from mirror collection"},{"ancestorTitles":["OtherProductShared contract version flow with relations","mirror behavior with org-b identity","product mirror"],"duration":10,"failing":false,"failureDetails":[],"failureMessages":[],"fullName":"OtherProductShared contract version flow with relations mirror behavior with org-b identity product mirror lists products EXCLUSIVELY from mirror collection","invocations":1,"location":null,"numPassingAsserts":3,"retryReasons":[],"startAt":1774049489746,"status":"passed","title":"lists products EXCLUSIVELY from mirror collection"},{"ancestorTitles":["OtherProductShared contract version flow with relations","mirror behavior with org-b identity","product mirror"],"duration":5,"failing":false,"failureDetails":[],"failureMessages":[],"fullName":"OtherProductShared contract version flow with relations mirror behavior with org-b identity product mirror paginates products EXCLUSIVELY from mirror collection","invocations":1,"location":null,"numPassingAsserts":3,"retryReasons":[],"startAt":1774049489757,"status":"passed","title":"paginates products EXCLUSIVELY from mirror collection"},{"ancestorTitles":["OtherProductShared contract version flow with relations","mirror behavior with org-b identity","product mirror"],"duration":623,"failing":false,"failureDetails":[],"failureMessages":[],"fullName":"OtherProductShared contract version flow with relations mirror behavior with org-b identity product mirror reads product and relation rows exclusively from mirror collection (single + bulk reads)","invocations":1,"location":null,"numPassingAsserts":14,"retryReasons":[],"startAt":1774049489763,"status":"passed","title":"reads product and relation rows exclusively from mirror collection (single + bulk reads)"},{"ancestorTitles":["OtherProductShared contract version flow with relations","mirror behavior with org-b identity","product mirror"],"duration":24,"failing":false,"failureDetails":[],"failureMessages":[],"fullName":"OtherProductShared contract version flow with relations mirror behavior with org-b identity product mirror finds mirror products via default query attributes","invocations":1,"location":null,"numPassingAsserts":1,"retryReasons":[],"startAt":1774049490386,"status":"passed","title":"finds mirror products via default query attributes"},{"ancestorTitles":["OtherProductShared contract version flow with relations","mirror behavior with org-b identity","product mirror"],"duration":28,"failing":false,"failureDetails":[],"failureMessages":[],"fullName":"OtherProductShared contract version flow with relations mirror behavior with org-b identity product mirror pages mirror products via default query attributes","invocations":1,"location":null,"numPassingAsserts":3,"retryReasons":[],"startAt":1774049490410,"status":"passed","title":"pages mirror products via default query attributes"},{"ancestorTitles":["OtherProductShared contract version flow with relations","mirror behavior with org-b identity","batch mirror"],"duration":908,"failing":false,"failureDetails":[],"failureMessages":[],"fullName":"OtherProductShared contract version flow with relations mirror behavior with org-b identity batch mirror creates batches with Aeon and verifies mirror copies","invocations":1,"location":null,"numPassingAsserts":15,"retryReasons":[],"startAt":1774049490438,"status":"passed","title":"creates batches with Aeon and verifies mirror copies"},{"ancestorTitles":["OtherProductShared contract version flow with relations","mirror behavior with org-b identity","batch mirror"],"duration":1,"failing":false,"failureDetails":[],"failureMessages":[],"fullName":"OtherProductShared contract version flow with relations mirror behavior with org-b identity batch mirror modifies mirror data to prove read exclusivity","invocations":1,"location":null,"numPassingAsserts":0,"retryReasons":[],"startAt":1774049491347,"status":"passed","title":"modifies mirror data to prove read exclusivity"},{"ancestorTitles":["OtherProductShared contract version flow with relations","mirror behavior with org-b identity","batch mirror"],"duration":11,"failing":false,"failureDetails":[],"failureMessages":[],"fullName":"OtherProductShared contract version flow with relations mirror behavior with org-b identity batch mirror rejects batch create from org-b","invocations":1,"location":null,"numPassingAsserts":1,"retryReasons":[],"startAt":1774049491348,"status":"passed","title":"rejects batch create from org-b"},{"ancestorTitles":["OtherProductShared contract version flow with relations","mirror behavior with org-b identity","batch mirror"],"duration":13,"failing":false,"failureDetails":[],"failureMessages":[],"fullName":"OtherProductShared contract version flow with relations mirror behavior with org-b identity batch mirror rejects batch update from org-b","invocations":1,"location":null,"numPassingAsserts":1,"retryReasons":[],"startAt":1774049491359,"status":"passed","title":"rejects batch update from org-b"},{"ancestorTitles":["OtherProductShared contract version flow with relations","mirror behavior with org-b identity","batch mirror"],"duration":75,"failing":false,"failureDetails":[],"failureMessages":[],"fullName":"OtherProductShared contract version flow with relations mirror behavior with org-b identity batch mirror reads batch EXCLUSIVELY from mirror collection","invocations":1,"location":null,"numPassingAsserts":7,"retryReasons":[],"startAt":1774049491372,"status":"passed","title":"reads batch EXCLUSIVELY from mirror collection"},{"ancestorTitles":["OtherProductShared contract version flow with relations","mirror behavior with org-b identity","batch mirror"],"duration":13,"failing":false,"failureDetails":[],"failureMessages":[],"fullName":"OtherProductShared contract version flow with relations mirror behavior with org-b identity batch mirror lists batches EXCLUSIVELY from mirror collection","invocations":1,"location":null,"numPassingAsserts":3,"retryReasons":[],"startAt":1774049491447,"status":"passed","title":"lists batches EXCLUSIVELY from mirror collection"},{"ancestorTitles":["OtherProductShared contract version flow with relations","mirror behavior with org-b identity","batch mirror"],"duration":6,"failing":false,"failureDetails":[],"failureMessages":[],"fullName":"OtherProductShared contract version flow with relations mirror behavior with org-b identity batch mirror paginates batches EXCLUSIVELY from mirror collection","invocations":1,"location":null,"numPassingAsserts":3,"retryReasons":[],"startAt":1774049491461,"status":"passed","title":"paginates batches EXCLUSIVELY from mirror collection"},{"ancestorTitles":["OtherProductShared contract version flow with relations","mirror behavior with org-b identity","audit Bulk query and list"],"duration":238,"failing":false,"failureDetails":[],"failureMessages":[],"fullName":"OtherProductShared contract version flow with relations mirror behavior with org-b identity audit Bulk query and list lists via statement","invocations":1,"location":null,"numPassingAsserts":1,"retryReasons":[],"startAt":1774049491468,"status":"passed","title":"lists via statement"},{"ancestorTitles":["OtherProductShared contract version flow with relations","mirror behavior with org-b identity","audit Bulk query and list"],"duration":2,"failing":false,"failureDetails":[],"failureMessages":[],"fullName":"OtherProductShared contract version flow with relations mirror behavior with org-b identity audit Bulk query and list Reads in Bulk","invocations":1,"location":null,"numPassingAsserts":0,"retryReasons":[],"startAt":1774049491706,"status":"passed","title":"Reads in Bulk"},{"ancestorTitles":["OtherProductShared contract version flow with relations","mirror behavior with org-b identity","audit Bulk query and list"],"duration":4,"failing":false,"failureDetails":[],"failureMessages":[],"fullName":"OtherProductShared contract version flow with relations mirror behavior with org-b identity audit Bulk query and list paginates audits across sequential pages","invocations":1,"location":null,"numPassingAsserts":1,"retryReasons":[],"startAt":1774049491708,"status":"passed","title":"paginates audits across sequential pages"},{"ancestorTitles":["OtherProductShared contract version flow with relations","related models bulk CRUD and query coverage"],"duration":455,"failing":false,"failureDetails":[],"failureMessages":[],"fullName":"OtherProductShared contract version flow with relations related models bulk CRUD and query coverage strength model bulk CRUD and query coverage","invocations":1,"location":null,"numPassingAsserts":10,"retryReasons":[],"startAt":1774049491712,"status":"passed","title":"strength model bulk CRUD and query coverage"},{"ancestorTitles":["OtherProductShared contract version flow with relations","related models bulk CRUD and query coverage"],"duration":524,"failing":false,"failureDetails":[],"failureMessages":[],"fullName":"OtherProductShared contract version flow with relations related models bulk CRUD and query coverage market model bulk CRUD and query coverage","invocations":1,"location":null,"numPassingAsserts":11,"retryReasons":[],"startAt":1774049492167,"status":"passed","title":"market model bulk CRUD and query coverage"},{"ancestorTitles":["OtherProductShared contract version flow with relations","related models bulk CRUD and query coverage"],"duration":288,"failing":false,"failureDetails":[],"failureMessages":[],"fullName":"OtherProductShared contract version flow with relations related models bulk CRUD and query coverage image model bulk CRUD and query coverage","invocations":1,"location":null,"numPassingAsserts":9,"retryReasons":[],"startAt":1774049492691,"status":"passed","title":"image model bulk CRUD and query coverage"}],"endTime":1774049492982,"message":"  ● OtherProductShared contract version flow with relations › product Bulk Crud & query › paginates via paginateBy\n\n    expect(received).toBeGreaterThanOrEqual(expected)\n\n    Matcher error: received value must be a number or bigint\n\n    Received has value: undefined\n\n      1057 |\n      1058 |       expect(paginator.current).toEqual(1);\n    > 1059 |       expect(paginator.count).toBeGreaterThanOrEqual(bulk.length);\n           |                               ^\n      1060 |       expect(paginator.total).toBeGreaterThanOrEqual(\n      1061 |         Math.max(1, Math.ceil(paginator.count / 3))\n      1062 |       );\n\n      at Object.<anonymous> (tests/unit/other-product-shared-version.test.ts:1059:31)\n\n  ● OtherProductShared contract version flow with relations › batch Bulk Crud & query › paginates via paginateBy\n\n    expect(received).toEqual(expected) // deep equality\n\n    Expected: 4\n    Received: 1\n\n      1424 |       expect(paginator.current).toEqual(2);\n      1425 |       // expect(paginator.data.length).toEqual(10);\n    > 1426 |       expect(paginator.total).toEqual(4);\n           |                               ^\n      1427 |     });\n      1428 |\n      1429 |     it(\"paginates via statement\", async () => {\n\n      at Object.<anonymous> (tests/unit/other-product-shared-version.test.ts:1426:31)\n","name":"/home/tvenceslau/local-workspace/decaf-ts/for-fabric/tests/unit/other-product-shared-version.test.ts","startTime":1774049453635,"status":"failed","summary":""}],"wasInterrupted":false,"coverageMap":{"/home/tvenceslau/local-workspace/decaf-ts/for-fabric/src/shared/overrides/index.ts":{"path":"/home/tvenceslau/local-workspace/decaf-ts/for-fabric/src/shared/overrides/index.ts","statementMap":{"0":{"start":{"line":1,"column":0},"end":{"line":1,"column":24}},"1":{"start":{"line":2,"column":0},"end":{"line":2,"column":28}}},"fnMap":{},"branchMap":{},"s":{"0":1,"1":1},"f":{},"b":{}},"/home/tvenceslau/local-workspace/decaf-ts/for-fabric/src/shared/overrides/Model.ts":{"path":"/home/tvenceslau/local-workspace/decaf-ts/for-fabric/src/shared/overrides/Model.ts","statementMap":{"0":{"start":{"line":3,"column":0},"end":{"line":3,"column":40}}},"fnMap":{},"branchMap":{},"s":{"0":1},"f":{},"b":{}},"/home/tvenceslau/local-workspace/decaf-ts/for-fabric/src/shared/overrides/overrides.ts":{"path":"/home/tvenceslau/local-workspace/decaf-ts/for-fabric/src/shared/overrides/overrides.ts","statementMap":{"0":{"start":{"line":1,"column":0},"end":{"line":1,"column":55}},"1":{"start":{"line":2,"column":0},"end":{"line":2,"column":61}},"2":{"start":{"line":3,"column":0},"end":{"line":3,"column":47}},"3":{"start":{"line":5,"column":0},"end":{"line":5,"column":67}},"4":{"start":{"line":7,"column":0},"end":{"line":7,"column":58}},"5":{"start":{"line":8,"column":0},"end":{"line":8,"column":78}},"6":{"start":{"line":10,"column":0},"end":{"line":14,"column":2}},"7":{"start":{"line":13,"column":2},"end":{"line":13,"column":60}},"8":{"start":{"line":16,"column":0},"end":{"line":20,"column":2}},"9":{"start":{"line":19,"column":2},"end":{"line":19,"column":61}},"10":{"start":{"line":22,"column":0},"end":{"line":26,"column":2}},"11":{"start":{"line":25,"column":2},"end":{"line":25,"column":31}},"12":{"start":{"line":28,"column":1},"end":{"line":89,"column":14}},"13":{"start":{"line":31,"column":2},"end":{"line":31,"column":57}},"14":{"start":{"line":31,"column":33},"end":{"line":31,"column":57}},"15":{"start":{"line":33,"column":4},"end":{"line":33,"column":58}},"16":{"start":{"line":35,"column":25},"end":{"line":37,"column":null}},"17":{"start":{"line":39,"column":28},"end":{"line":41,"column":null}},"18":{"start":{"line":43,"column":27},"end":{"line":45,"column":null}},"19":{"start":{"line":48,"column":37},"end":{"line":54,"column":4}},"20":{"start":{"line":56,"column":24},"end":{"line":56,"column":57}},"21":{"start":{"line":57,"column":22},"end":{"line":57,"column":58}},"22":{"start":{"line":58,"column":21},"end":{"line":58,"column":56}},"23":{"start":{"line":61,"column":2},"end":{"line":85,"column":3}},"24":{"start":{"line":62,"column":18},"end":{"line":62,"column":39}},"25":{"start":{"line":63,"column":24},"end":{"line":63,"column":51}},"26":{"start":{"line":64,"column":21},"end":{"line":64,"column":33}},"27":{"start":{"line":65,"column":22},"end":{"line":65,"column":47}},"28":{"start":{"line":66,"column":21},"end":{"line":66,"column":45}},"29":{"start":{"line":69,"column":4},"end":{"line":72,"column":5}},"30":{"start":{"line":70,"column":6},"end":{"line":70,"column":57}},"31":{"start":{"line":71,"column":7},"end":{"line":71,"column":45}},"32":{"start":{"line":73,"column":4},"end":{"line":76,"column":5}},"33":{"start":{"line":74,"column":6},"end":{"line":74,"column":55}},"34":{"start":{"line":75,"column":7},"end":{"line":75,"column":44}},"35":{"start":{"line":77,"column":4},"end":{"line":80,"column":5}},"36":{"start":{"line":78,"column":6},"end":{"line":78,"column":51}},"37":{"start":{"line":79,"column":7},"end":{"line":79,"column":42}},"38":{"start":{"line":81,"column":4},"end":{"line":84,"column":5}},"39":{"start":{"line":82,"column":6},"end":{"line":82,"column":51}},"40":{"start":{"line":83,"column":7},"end":{"line":83,"column":42}},"41":{"start":{"line":87,"column":2},"end":{"line":87,"column":68}},"42":{"start":{"line":88,"column":2},"end":{"line":88,"column":38}},"43":{"start":{"line":91,"column":1},"end":{"line":98,"column":14}},"44":{"start":{"line":94,"column":2},"end":{"line":97,"column":4}},"45":{"start":{"line":100,"column":1},"end":{"line":107,"column":14}},"46":{"start":{"line":103,"column":2},"end":{"line":106,"column":4}},"47":{"start":{"line":109,"column":1},"end":{"line":116,"column":14}},"48":{"start":{"line":112,"column":2},"end":{"line":115,"column":4}},"49":{"start":{"line":118,"column":1},"end":{"line":127,"column":14}},"50":{"start":{"line":121,"column":15},"end":{"line":123,"column":null}},"51":{"start":{"line":125,"column":2},"end":{"line":125,"column":30}},"52":{"start":{"line":125,"column":13},"end":{"line":125,"column":30}},"53":{"start":{"line":126,"column":2},"end":{"line":126,"column":42}},"54":{"start":{"line":129,"column":1},"end":{"line":137,"column":14}},"55":{"start":{"line":132,"column":2},"end":{"line":132,"column":75}},"56":{"start":{"line":133,"column":2},"end":{"line":136,"column":4}},"57":{"start":{"line":139,"column":1},"end":{"line":166,"column":14}},"58":{"start":{"line":145,"column":32},"end":{"line":145,"column":69}},"59":{"start":{"line":146,"column":31},"end":{"line":146,"column":67}},"60":{"start":{"line":148,"column":21},"end":{"line":148,"column":49}},"61":{"start":{"line":149,"column":20},"end":{"line":149,"column":47}},"62":{"start":{"line":151,"column":17},"end":{"line":151,"column":72}},"63":{"start":{"line":153,"column":49},"end":{"line":155,"column":null}},"64":{"start":{"line":157,"column":48},"end":{"line":159,"column":null}},"65":{"start":{"line":162,"column":2},"end":{"line":165,"column":4}},"66":{"start":{"line":173,"column":2},"end":{"line":186,"column":3}},"67":{"start":{"line":174,"column":17},"end":{"line":174,"column":50}},"68":{"start":{"line":175,"column":19},"end":{"line":175,"column":44}},"69":{"start":{"line":176,"column":4},"end":{"line":182,"column":5}},"70":{"start":{"line":177,"column":19},"end":{"line":177,"column":41}},"71":{"start":{"line":178,"column":6},"end":{"line":180,"column":7}},"72":{"start":{"line":179,"column":8},"end":{"line":179,"column":59}},"73":{"start":{"line":181,"column":6},"end":{"line":181,"column":25}},"74":{"start":{"line":183,"column":4},"end":{"line":183,"column":64}},"75":{"start":{"line":190,"column":16},"end":{"line":190,"column":null}},"76":{"start":{"line":193,"column":2},"end":{"line":193,"column":38}},"77":{"start":{"line":193,"column":31},"end":{"line":193,"column":38}},"78":{"start":{"line":194,"column":29},"end":{"line":194,"column":45}},"79":{"start":{"line":195,"column":2},"end":{"line":202,"column":4}},"80":{"start":{"line":196,"column":19},"end":{"line":196,"column":68}},"81":{"start":{"line":197,"column":18},"end":{"line":197,"column":48}},"82":{"start":{"line":198,"column":45},"end":{"line":198,"column":73}},"83":{"start":{"line":199,"column":4},"end":{"line":199,"column":67}},"84":{"start":{"line":200,"column":4},"end":{"line":200,"column":72}},"85":{"start":{"line":201,"column":4},"end":{"line":201,"column":18}},"86":{"start":{"line":203,"column":2},"end":{"line":203,"column":33}},"87":{"start":{"line":206,"column":0},"end":{"line":206,"column":35}}},"fnMap":{"0":{"name":"isShared","decl":{"start":{"line":10,"column":36},"end":{"line":10,"column":44}},"loc":{"start":{"line":10,"column":44},"end":{"line":14,"column":1}}},"1":{"name":"isPrivate","decl":{"start":{"line":16,"column":37},"end":{"line":16,"column":46}},"loc":{"start":{"line":16,"column":46},"end":{"line":20,"column":1}}},"2":{"name":"segregate","decl":{"start":{"line":22,"column":37},"end":{"line":22,"column":46}},"loc":{"start":{"line":22,"column":46},"end":{"line":26,"column":1}}},"3":{"name":"segregate","decl":{"start":{"line":28,"column":36},"end":{"line":28,"column":45}},"loc":{"start":{"line":29,"column":10},"end":{"line":89,"column":1}}},"4":{"name":"isPrivate","decl":{"start":{"line":91,"column":36},"end":{"line":91,"column":45}},"loc":{"start":{"line":92,"column":27},"end":{"line":98,"column":1}}},"5":{"name":"isShared","decl":{"start":{"line":100,"column":35},"end":{"line":100,"column":43}},"loc":{"start":{"line":101,"column":27},"end":{"line":107,"column":1}}},"6":{"name":"mirrored","decl":{"start":{"line":109,"column":35},"end":{"line":109,"column":43}},"loc":{"start":{"line":110,"column":27},"end":{"line":116,"column":1}}},"7":{"name":"ownerOf","decl":{"start":{"line":118,"column":34},"end":{"line":118,"column":41}},"loc":{"start":{"line":119,"column":10},"end":{"line":127,"column":1}}},"8":{"name":"mirroredAt","decl":{"start":{"line":129,"column":37},"end":{"line":129,"column":47}},"loc":{"start":{"line":130,"column":27},"end":{"line":137,"column":1}}},"9":{"name":"collectionsFor","decl":{"start":{"line":139,"column":41},"end":{"line":139,"column":55}},"loc":{"start":{"line":140,"column":27},"end":{"line":166,"column":1}}},"10":{"name":"reRegisterRepositoryWithOverrides","decl":{"start":{"line":168,"column":9},"end":{"line":168,"column":42}},"loc":{"start":{"line":171,"column":34},"end":{"line":187,"column":1}}},"11":{"name":"patchTaskServiceTaskRepositories","decl":{"start":{"line":189,"column":9},"end":{"line":189,"column":41}},"loc":{"start":{"line":189,"column":41},"end":{"line":204,"column":1}}},"12":{"name":"(anonymous_12)","decl":{"start":{"line":195,"column":21},"end":{"line":195,"column":26}},"loc":{"start":{"line":195,"column":51},"end":{"line":202,"column":3}}}},"branchMap":{"0":{"loc":{"start":{"line":31,"column":2},"end":{"line":31,"column":57}},"type":"if","locations":[{"start":{"line":31,"column":2},"end":{"line":31,"column":57}},{"start":{},"end":{}}]},"1":{"loc":{"start":{"line":33,"column":4},"end":{"line":33,"column":58}},"type":"binary-expr","locations":[{"start":{"line":33,"column":4},"end":{"line":33,"column":52}},{"start":{"line":33,"column":56},"end":{"line":33,"column":58}}]},"2":{"loc":{"start":{"line":56,"column":36},"end":{"line":56,"column":56}},"type":"binary-expr","locations":[{"start":{"line":56,"column":36},"end":{"line":56,"column":50}},{"start":{"line":56,"column":54},"end":{"line":56,"column":56}}]},"3":{"loc":{"start":{"line":57,"column":34},"end":{"line":57,"column":57}},"type":"binary-expr","locations":[{"start":{"line":57,"column":34},"end":{"line":57,"column":51}},{"start":{"line":57,"column":55},"end":{"line":57,"column":57}}]},"4":{"loc":{"start":{"line":58,"column":33},"end":{"line":58,"column":55}},"type":"binary-expr","locations":[{"start":{"line":58,"column":33},"end":{"line":58,"column":49}},{"start":{"line":58,"column":53},"end":{"line":58,"column":55}}]},"5":{"loc":{"start":{"line":69,"column":4},"end":{"line":72,"column":5}},"type":"if","locations":[{"start":{"line":69,"column":4},"end":{"line":72,"column":5}},{"start":{},"end":{}}]},"6":{"loc":{"start":{"line":69,"column":8},"end":{"line":69,"column":44}},"type":"binary-expr","locations":[{"start":{"line":69,"column":8},"end":{"line":69,"column":19}},{"start":{"line":69,"column":23},"end":{"line":69,"column":32}},{"start":{"line":69,"column":36},"end":{"line":69,"column":44}}]},"7":{"loc":{"start":{"line":70,"column":25},"end":{"line":70,"column":56}},"type":"binary-expr","locations":[{"start":{"line":70,"column":25},"end":{"line":70,"column":41}},{"start":{"line":70,"column":46},"end":{"line":70,"column":56}}]},"8":{"loc":{"start":{"line":73,"column":4},"end":{"line":76,"column":5}},"type":"if","locations":[{"start":{"line":73,"column":4},"end":{"line":76,"column":5}},{"start":{},"end":{}}]},"9":{"loc":{"start":{"line":74,"column":24},"end":{"line":74,"column":54}},"type":"binary-expr","locations":[{"start":{"line":74,"column":24},"end":{"line":74,"column":39}},{"start":{"line":74,"column":44},"end":{"line":74,"column":54}}]},"10":{"loc":{"start":{"line":77,"column":4},"end":{"line":80,"column":5}},"type":"if","locations":[{"start":{"line":77,"column":4},"end":{"line":80,"column":5}},{"start":{},"end":{}}]},"11":{"loc":{"start":{"line":78,"column":22},"end":{"line":78,"column":50}},"type":"binary-expr","locations":[{"start":{"line":78,"column":22},"end":{"line":78,"column":35}},{"start":{"line":78,"column":40},"end":{"line":78,"column":50}}]},"12":{"loc":{"start":{"line":81,"column":4},"end":{"line":84,"column":5}},"type":"if","locations":[{"start":{"line":81,"column":4},"end":{"line":84,"column":5}},{"start":{},"end":{}}]},"13":{"loc":{"start":{"line":82,"column":23},"end":{"line":82,"column":42}},"type":"binary-expr","locations":[{"start":{"line":82,"column":23},"end":{"line":82,"column":36}},{"start":{"line":82,"column":40},"end":{"line":82,"column":42}}]},"14":{"loc":{"start":{"line":95,"column":4},"end":{"line":95,"column":68}},"type":"cond-expr","locations":[{"start":{"line":95,"column":35},"end":{"line":95,"column":60}},{"start":{"line":95,"column":63},"end":{"line":95,"column":68}}]},"15":{"loc":{"start":{"line":104,"column":4},"end":{"line":104,"column":68}},"type":"cond-expr","locations":[{"start":{"line":104,"column":35},"end":{"line":104,"column":60}},{"start":{"line":104,"column":63},"end":{"line":104,"column":68}}]},"16":{"loc":{"start":{"line":113,"column":4},"end":{"line":113,"column":68}},"type":"cond-expr","locations":[{"start":{"line":113,"column":35},"end":{"line":113,"column":60}},{"start":{"line":113,"column":63},"end":{"line":113,"column":68}}]},"17":{"loc":{"start":{"line":125,"column":2},"end":{"line":125,"column":30}},"type":"if","locations":[{"start":{"line":125,"column":2},"end":{"line":125,"column":30}},{"start":{},"end":{}}]},"18":{"loc":{"start":{"line":132,"column":10},"end":{"line":132,"column":74}},"type":"cond-expr","locations":[{"start":{"line":132,"column":41},"end":{"line":132,"column":66}},{"start":{"line":132,"column":69},"end":{"line":132,"column":74}}]},"19":{"loc":{"start":{"line":151,"column":17},"end":{"line":151,"column":72}},"type":"cond-expr","locations":[{"start":{"line":151,"column":47},"end":{"line":151,"column":52}},{"start":{"line":151,"column":55},"end":{"line":151,"column":72}}]},"20":{"loc":{"start":{"line":163,"column":17},"end":{"line":163,"column":47}},"type":"binary-expr","locations":[{"start":{"line":163,"column":17},"end":{"line":163,"column":41}},{"start":{"line":163,"column":45},"end":{"line":163,"column":47}}]},"21":{"loc":{"start":{"line":164,"column":16},"end":{"line":164,"column":45}},"type":"binary-expr","locations":[{"start":{"line":164,"column":16},"end":{"line":164,"column":39}},{"start":{"line":164,"column":43},"end":{"line":164,"column":45}}]},"22":{"loc":{"start":{"line":176,"column":4},"end":{"line":182,"column":5}},"type":"if","locations":[{"start":{"line":176,"column":4},"end":{"line":182,"column":5}},{"start":{},"end":{}}]},"23":{"loc":{"start":{"line":178,"column":6},"end":{"line":180,"column":7}},"type":"if","locations":[{"start":{"line":178,"column":6},"end":{"line":180,"column":7}},{"start":{},"end":{}}]},"24":{"loc":{"start":{"line":193,"column":2},"end":{"line":193,"column":38}},"type":"if","locations":[{"start":{"line":193,"column":2},"end":{"line":193,"column":38}},{"start":{},"end":{}}]}},"s":{"0":1,"1":1,"2":1,"3":1,"4":1,"5":1,"6":1,"7":0,"8":1,"9":0,"10":1,"11":0,"12":1,"13":1173,"14":32,"15":1141,"16":1141,"17":1141,"18":1141,"19":1141,"20":1141,"21":1141,"22":1141,"23":1141,"24":12850,"25":12850,"26":12850,"27":12850,"28":12850,"29":12850,"30":12850,"31":12850,"32":12850,"33":0,"34":0,"35":12850,"36":12850,"37":12850,"38":12850,"39":0,"40":0,"41":1141,"42":1141,"43":1,"44":0,"45":1,"46":0,"47":1,"48":0,"49":1,"50":1860,"51":1860,"52":1372,"53":488,"54":1,"55":1269,"56":1269,"57":1,"58":90,"59":90,"60":90,"61":90,"62":90,"63":90,"64":90,"65":90,"66":0,"67":0,"68":0,"69":0,"70":0,"71":0,"72":0,"73":0,"74":0,"75":1,"76":1,"77":0,"78":1,"79":1,"80":0,"81":0,"82":0,"83":0,"84":0,"85":0,"86":1,"87":1},"f":{"0":0,"1":0,"2":0,"3":1173,"4":0,"5":0,"6":0,"7":1860,"8":1269,"9":90,"10":0,"11":1,"12":0},"b":{"0":[32,1141],"1":[1141,0],"2":[1141,0],"3":[1141,1141],"4":[1141,0],"5":[12850,0],"6":[12850,0,0],"7":[12850,0],"8":[0,12850],"9":[0,0],"10":[12850,0],"11":[12850,0],"12":[0,12850],"13":[0,0],"14":[0,0],"15":[0,0],"16":[0,0],"17":[1372,488],"18":[0,1269],"19":[90,0],"20":[90,90],"21":[90,0],"22":[0,0],"23":[0,0],"24":[0,1]}},"/home/tvenceslau/local-workspace/decaf-ts/for-fabric/src/shared/constants.ts":{"path":"/home/tvenceslau/local-workspace/decaf-ts/for-fabric/src/shared/constants.ts","statementMap":{"0":{"start":{"line":8,"column":0},"end":{"line":8,"column":null}},"1":{"start":{"line":10,"column":2},"end":{"line":10,"column":null}},"2":{"start":{"line":11,"column":2},"end":{"line":11,"column":null}},"3":{"start":{"line":13,"column":2},"end":{"line":13,"column":null}},"4":{"start":{"line":14,"column":2},"end":{"line":14,"column":null}},"5":{"start":{"line":15,"column":2},"end":{"line":15,"column":null}},"6":{"start":{"line":16,"column":2},"end":{"line":16,"column":null}},"7":{"start":{"line":25,"column":0},"end":{"line":25,"column":null}},"8":{"start":{"line":27,"column":2},"end":{"line":27,"column":null}},"9":{"start":{"line":36,"column":13},"end":{"line":36,"column":42}}},"fnMap":{"0":{"name":"(anonymous_0)","decl":{"start":{"line":8,"column":0},"end":{"line":8,"column":12}},"loc":{"start":{"line":8,"column":27},"end":{"line":17,"column":1}}},"1":{"name":"(anonymous_1)","decl":{"start":{"line":25,"column":0},"end":{"line":25,"column":12}},"loc":{"start":{"line":25,"column":24},"end":{"line":28,"column":1}}}},"branchMap":{"0":{"loc":{"start":{"line":8,"column":12},"end":{"line":8,"column":null}},"type":"binary-expr","locations":[{"start":{"line":8,"column":12},"end":{"line":8,"column":27}},{"start":{"line":8,"column":27},"end":{"line":8,"column":null}}]},"1":{"loc":{"start":{"line":25,"column":12},"end":{"line":25,"column":null}},"type":"binary-expr","locations":[{"start":{"line":25,"column":12},"end":{"line":25,"column":24}},{"start":{"line":25,"column":24},"end":{"line":25,"column":null}}]}},"s":{"0":1,"1":1,"2":1,"3":1,"4":1,"5":1,"6":1,"7":1,"8":1,"9":1},"f":{"0":1,"1":1},"b":{"0":[1,1],"1":[1,1]}},"/home/tvenceslau/local-workspace/decaf-ts/for-fabric/src/contracts/crud/serialized-crud-contract.ts":{"path":"/home/tvenceslau/local-workspace/decaf-ts/for-fabric/src/contracts/crud/serialized-crud-contract.ts","statementMap":{"0":{"start":{"line":1,"column":0},"end":{"line":1,"column":53}},"1":{"start":{"line":3,"column":0},"end":{"line":3,"column":66}},"2":{"start":{"line":5,"column":0},"end":{"line":5,"column":59}},"3":{"start":{"line":6,"column":0},"end":{"line":6,"column":61}},"4":{"start":{"line":24,"column":4},"end":{"line":24,"column":23}},"5":{"start":{"line":29,"column":4},"end":{"line":29,"column":72}},"6":{"start":{"line":34,"column":4},"end":{"line":34,"column":68}},"7":{"start":{"line":39,"column":4},"end":{"line":39,"column":65}},"8":{"start":{"line":44,"column":4},"end":{"line":44,"column":70}},"9":{"start":{"line":49,"column":33},"end":{"line":49,"column":49}},"10":{"start":{"line":50,"column":4},"end":{"line":54,"column":6}},"11":{"start":{"line":52,"column":15},"end":{"line":52,"column":42}},"12":{"start":{"line":59,"column":33},"end":{"line":59,"column":49}},"13":{"start":{"line":60,"column":4},"end":{"line":64,"column":6}},"14":{"start":{"line":62,"column":8},"end":{"line":62,"column":25}},"15":{"start":{"line":69,"column":27},"end":{"line":69,"column":45}},"16":{"start":{"line":70,"column":27},"end":{"line":72,"column":36}},"17":{"start":{"line":71,"column":18},"end":{"line":71,"column":37}},"18":{"start":{"line":72,"column":18},"end":{"line":72,"column":35}},"19":{"start":{"line":74,"column":4},"end":{"line":78,"column":6}},"20":{"start":{"line":76,"column":15},"end":{"line":76,"column":42}},"21":{"start":{"line":83,"column":4},"end":{"line":87,"column":5}},"22":{"start":{"line":84,"column":6},"end":{"line":84,"column":30}},"23":{"start":{"line":86,"column":6},"end":{"line":86,"column":57}},"24":{"start":{"line":88,"column":4},"end":{"line":91,"column":8}},"25":{"start":{"line":89,"column":6},"end":{"line":91,"column":8}},"26":{"start":{"line":92,"column":4},"end":{"line":92,"column":71}},"27":{"start":{"line":97,"column":4},"end":{"line":99,"column":6}},"28":{"start":{"line":109,"column":4},"end":{"line":115,"column":5}},"29":{"start":{"line":110,"column":6},"end":{"line":110,"column":28}},"30":{"start":{"line":112,"column":6},"end":{"line":114,"column":8}},"31":{"start":{"line":116,"column":4},"end":{"line":118,"column":6}},"32":{"start":{"line":129,"column":6},"end":{"line":129,"column":62}},"33":{"start":{"line":130,"column":19},"end":{"line":130,"column":69}},"34":{"start":{"line":131,"column":4},"end":{"line":131,"column":34}},"35":{"start":{"line":136,"column":4},"end":{"line":136,"column":66}},"36":{"start":{"line":149,"column":4},"end":{"line":153,"column":5}},"37":{"start":{"line":150,"column":6},"end":{"line":150,"column":51}},"38":{"start":{"line":152,"column":6},"end":{"line":152,"column":62}},"39":{"start":{"line":155,"column":4},"end":{"line":157,"column":6}},"40":{"start":{"line":174,"column":4},"end":{"line":174,"column":26}},"41":{"start":{"line":180,"column":4},"end":{"line":180,"column":63}},"42":{"start":{"line":185,"column":27},"end":{"line":185,"column":45}},"43":{"start":{"line":186,"column":27},"end":{"line":188,"column":36}},"44":{"start":{"line":187,"column":18},"end":{"line":187,"column":37}},"45":{"start":{"line":188,"column":18},"end":{"line":188,"column":35}},"46":{"start":{"line":190,"column":20},"end":{"line":190,"column":61}},"47":{"start":{"line":191,"column":4},"end":{"line":191,"column":74}},"48":{"start":{"line":191,"column":44},"end":{"line":191,"column":71}},"49":{"start":{"line":196,"column":4},"end":{"line":196,"column":64}},"50":{"start":{"line":201,"column":4},"end":{"line":201,"column":62}},"51":{"start":{"line":206,"column":4},"end":{"line":206,"column":62}},"52":{"start":{"line":211,"column":4},"end":{"line":211,"column":62}},"53":{"start":{"line":216,"column":4},"end":{"line":216,"column":62}},"54":{"start":{"line":221,"column":4},"end":{"line":221,"column":67}},"55":{"start":{"line":226,"column":4},"end":{"line":226,"column":64}},"56":{"start":{"line":20,"column":0},"end":{"line":20,"column":13}},"57":{"start":{"line":28,"column":17},"end":{"line":30,"column":null}},"58":{"start":{"line":33,"column":17},"end":{"line":35,"column":null}},"59":{"start":{"line":38,"column":17},"end":{"line":40,"column":null}},"60":{"start":{"line":43,"column":17},"end":{"line":45,"column":null}},"61":{"start":{"line":48,"column":17},"end":{"line":55,"column":null}},"62":{"start":{"line":58,"column":17},"end":{"line":65,"column":null}},"63":{"start":{"line":68,"column":17},"end":{"line":79,"column":null}},"64":{"start":{"line":82,"column":17},"end":{"line":93,"column":null}},"65":{"start":{"line":96,"column":17},"end":{"line":100,"column":null}},"66":{"start":{"line":103,"column":17},"end":{"line":119,"column":null}},"67":{"start":{"line":122,"column":17},"end":{"line":132,"column":null}},"68":{"start":{"line":135,"column":17},"end":{"line":137,"column":null}},"69":{"start":{"line":173,"column":17},"end":{"line":175,"column":null}},"70":{"start":{"line":178,"column":17},"end":{"line":181,"column":null}},"71":{"start":{"line":184,"column":17},"end":{"line":192,"column":null}},"72":{"start":{"line":195,"column":17},"end":{"line":197,"column":null}},"73":{"start":{"line":200,"column":17},"end":{"line":202,"column":null}},"74":{"start":{"line":205,"column":17},"end":{"line":207,"column":null}},"75":{"start":{"line":210,"column":17},"end":{"line":212,"column":null}},"76":{"start":{"line":215,"column":17},"end":{"line":217,"column":null}},"77":{"start":{"line":220,"column":17},"end":{"line":222,"column":null}},"78":{"start":{"line":225,"column":17},"end":{"line":227,"column":null}}},"fnMap":{"0":{"name":"(anonymous_2)","decl":{"start":{"line":23,"column":2},"end":{"line":23,"column":14}},"loc":{"start":{"line":23,"column":49},"end":{"line":25,"column":3}}},"1":{"name":"(anonymous_3)","decl":{"start":{"line":28,"column":17},"end":{"line":28,"column":23}},"loc":{"start":{"line":28,"column":47},"end":{"line":30,"column":3}}},"2":{"name":"(anonymous_4)","decl":{"start":{"line":33,"column":17},"end":{"line":33,"column":21}},"loc":{"start":{"line":33,"column":43},"end":{"line":35,"column":3}}},"3":{"name":"(anonymous_5)","decl":{"start":{"line":38,"column":17},"end":{"line":38,"column":23}},"loc":{"start":{"line":38,"column":47},"end":{"line":40,"column":3}}},"4":{"name":"(anonymous_6)","decl":{"start":{"line":43,"column":17},"end":{"line":43,"column":23}},"loc":{"start":{"line":43,"column":45},"end":{"line":45,"column":3}}},"5":{"name":"(anonymous_7)","decl":{"start":{"line":48,"column":17},"end":{"line":48,"column":26}},"loc":{"start":{"line":48,"column":49},"end":{"line":55,"column":3}}},"6":{"name":"(anonymous_8)","decl":{"start":{"line":52,"column":8},"end":{"line":52,"column":9}},"loc":{"start":{"line":52,"column":15},"end":{"line":52,"column":42}}},"7":{"name":"(anonymous_9)","decl":{"start":{"line":58,"column":17},"end":{"line":58,"column":24}},"loc":{"start":{"line":58,"column":47},"end":{"line":65,"column":3}}},"8":{"name":"(anonymous_10)","decl":{"start":{"line":61,"column":65},"end":{"line":61,"column":66}},"loc":{"start":{"line":62,"column":8},"end":{"line":62,"column":25}}},"9":{"name":"(anonymous_11)","decl":{"start":{"line":68,"column":17},"end":{"line":68,"column":26}},"loc":{"start":{"line":68,"column":51},"end":{"line":79,"column":3}}},"10":{"name":"(anonymous_12)","decl":{"start":{"line":71,"column":11},"end":{"line":71,"column":12}},"loc":{"start":{"line":71,"column":18},"end":{"line":71,"column":37}}},"11":{"name":"(anonymous_13)","decl":{"start":{"line":72,"column":11},"end":{"line":72,"column":12}},"loc":{"start":{"line":72,"column":18},"end":{"line":72,"column":35}}},"12":{"name":"(anonymous_14)","decl":{"start":{"line":76,"column":8},"end":{"line":76,"column":9}},"loc":{"start":{"line":76,"column":15},"end":{"line":76,"column":42}}},"13":{"name":"(anonymous_15)","decl":{"start":{"line":82,"column":17},"end":{"line":82,"column":26}},"loc":{"start":{"line":82,"column":65},"end":{"line":93,"column":3}}},"14":{"name":"(anonymous_16)","decl":{"start":{"line":96,"column":17},"end":{"line":96,"column":23}},"loc":{"start":{"line":96,"column":60},"end":{"line":100,"column":3}}},"15":{"name":"(anonymous_17)","decl":{"start":{"line":103,"column":17},"end":{"line":103,"column":27}},"loc":{"start":{"line":107,"column":15},"end":{"line":119,"column":3}}},"16":{"name":"(anonymous_18)","decl":{"start":{"line":122,"column":17},"end":{"line":122,"column":21}},"loc":{"start":{"line":126,"column":15},"end":{"line":132,"column":3}}},"17":{"name":"(anonymous_19)","decl":{"start":{"line":135,"column":17},"end":{"line":135,"column":26}},"loc":{"start":{"line":135,"column":63},"end":{"line":137,"column":3}}},"18":{"name":"(anonymous_20)","decl":{"start":{"line":140,"column":11},"end":{"line":140,"column":16}},"loc":{"start":{"line":146,"column":17},"end":{"line":158,"column":3}}},"19":{"name":"(anonymous_21)","decl":{"start":{"line":173,"column":17},"end":{"line":173,"column":21}},"loc":{"start":{"line":173,"column":30},"end":{"line":175,"column":3}}},"20":{"name":"(anonymous_22)","decl":{"start":{"line":178,"column":17},"end":{"line":178,"column":28}},"loc":{"start":{"line":178,"column":37},"end":{"line":181,"column":3}}},"21":{"name":"(anonymous_23)","decl":{"start":{"line":184,"column":17},"end":{"line":184,"column":26}},"loc":{"start":{"line":184,"column":55},"end":{"line":192,"column":3}}},"22":{"name":"(anonymous_24)","decl":{"start":{"line":187,"column":11},"end":{"line":187,"column":12}},"loc":{"start":{"line":187,"column":18},"end":{"line":187,"column":37}}},"23":{"name":"(anonymous_25)","decl":{"start":{"line":188,"column":11},"end":{"line":188,"column":12}},"loc":{"start":{"line":188,"column":18},"end":{"line":188,"column":35}}},"24":{"name":"(anonymous_26)","decl":{"start":{"line":191,"column":37},"end":{"line":191,"column":38}},"loc":{"start":{"line":191,"column":44},"end":{"line":191,"column":71}}},"25":{"name":"(anonymous_27)","decl":{"start":{"line":195,"column":17},"end":{"line":195,"column":24}},"loc":{"start":{"line":195,"column":47},"end":{"line":197,"column":3}}},"26":{"name":"(anonymous_28)","decl":{"start":{"line":200,"column":17},"end":{"line":200,"column":22}},"loc":{"start":{"line":200,"column":44},"end":{"line":202,"column":3}}},"27":{"name":"(anonymous_29)","decl":{"start":{"line":205,"column":17},"end":{"line":205,"column":22}},"loc":{"start":{"line":205,"column":44},"end":{"line":207,"column":3}}},"28":{"name":"(anonymous_30)","decl":{"start":{"line":210,"column":17},"end":{"line":210,"column":22}},"loc":{"start":{"line":210,"column":44},"end":{"line":212,"column":3}}},"29":{"name":"(anonymous_31)","decl":{"start":{"line":215,"column":17},"end":{"line":215,"column":22}},"loc":{"start":{"line":215,"column":44},"end":{"line":217,"column":3}}},"30":{"name":"(anonymous_32)","decl":{"start":{"line":220,"column":17},"end":{"line":220,"column":27}},"loc":{"start":{"line":220,"column":49},"end":{"line":222,"column":3}}},"31":{"name":"(anonymous_33)","decl":{"start":{"line":225,"column":17},"end":{"line":225,"column":24}},"loc":{"start":{"line":225,"column":46},"end":{"line":227,"column":3}}}},"branchMap":{"0":{"loc":{"start":{"line":88,"column":4},"end":{"line":91,"column":8}},"type":"if","locations":[{"start":{"line":88,"column":4},"end":{"line":91,"column":8}},{"start":{},"end":{}}]},"1":{"loc":{"start":{"line":129,"column":6},"end":{"line":129,"column":62}},"type":"cond-expr","locations":[{"start":{"line":129,"column":32},"end":{"line":129,"column":47}},{"start":{"line":129,"column":51},"end":{"line":129,"column":62}}]},"2":{"loc":{"start":{"line":28,"column":29},"end":{"line":28,"column":34}},"type":"cond-expr","locations":[{"start":{"line":28,"column":32},"end":{"line":28,"column":34}},{"start":{"line":28,"column":32},"end":{"line":28,"column":34}}]},"3":{"loc":{"start":{"line":28,"column":29},"end":{"line":28,"column":32}},"type":"binary-expr","locations":[{"start":{"line":28,"column":29},"end":{"line":28,"column":34}},{"start":{"line":28,"column":29},"end":{"line":28,"column":32}}]},"4":{"loc":{"start":{"line":28,"column":50},"end":{"line":28,"column":null}},"type":"cond-expr","locations":[{"start":{"line":28,"column":57},"end":{"line":28,"column":null}},{"start":{"line":28,"column":57},"end":{"line":28,"column":null}}]},"5":{"loc":{"start":{"line":28,"column":50},"end":{"line":28,"column":57}},"type":"binary-expr","locations":[{"start":{"line":28,"column":50},"end":{"line":28,"column":null}},{"start":{"line":28,"column":50},"end":{"line":28,"column":57}}]},"6":{"loc":{"start":{"line":33,"column":27},"end":{"line":33,"column":32}},"type":"cond-expr","locations":[{"start":{"line":33,"column":30},"end":{"line":33,"column":32}},{"start":{"line":33,"column":30},"end":{"line":33,"column":32}}]},"7":{"loc":{"start":{"line":33,"column":27},"end":{"line":33,"column":30}},"type":"binary-expr","locations":[{"start":{"line":33,"column":27},"end":{"line":33,"column":32}},{"start":{"line":33,"column":27},"end":{"line":33,"column":30}}]},"8":{"loc":{"start":{"line":33,"column":46},"end":{"line":33,"column":null}},"type":"cond-expr","locations":[{"start":{"line":33,"column":53},"end":{"line":33,"column":null}},{"start":{"line":33,"column":53},"end":{"line":33,"column":null}}]},"9":{"loc":{"start":{"line":33,"column":46},"end":{"line":33,"column":53}},"type":"binary-expr","locations":[{"start":{"line":33,"column":46},"end":{"line":33,"column":null}},{"start":{"line":33,"column":46},"end":{"line":33,"column":53}}]},"10":{"loc":{"start":{"line":38,"column":29},"end":{"line":38,"column":34}},"type":"cond-expr","locations":[{"start":{"line":38,"column":32},"end":{"line":38,"column":34}},{"start":{"line":38,"column":32},"end":{"line":38,"column":34}}]},"11":{"loc":{"start":{"line":38,"column":29},"end":{"line":38,"column":32}},"type":"binary-expr","locations":[{"start":{"line":38,"column":29},"end":{"line":38,"column":34}},{"start":{"line":38,"column":29},"end":{"line":38,"column":32}}]},"12":{"loc":{"start":{"line":38,"column":50},"end":{"line":38,"column":null}},"type":"cond-expr","locations":[{"start":{"line":38,"column":57},"end":{"line":38,"column":null}},{"start":{"line":38,"column":57},"end":{"line":38,"column":null}}]},"13":{"loc":{"start":{"line":38,"column":50},"end":{"line":38,"column":57}},"type":"binary-expr","locations":[{"start":{"line":38,"column":50},"end":{"line":38,"column":null}},{"start":{"line":38,"column":50},"end":{"line":38,"column":57}}]},"14":{"loc":{"start":{"line":43,"column":29},"end":{"line":43,"column":34}},"type":"cond-expr","locations":[{"start":{"line":43,"column":32},"end":{"line":43,"column":34}},{"start":{"line":43,"column":32},"end":{"line":43,"column":34}}]},"15":{"loc":{"start":{"line":43,"column":29},"end":{"line":43,"column":32}},"type":"binary-expr","locations":[{"start":{"line":43,"column":29},"end":{"line":43,"column":34}},{"start":{"line":43,"column":29},"end":{"line":43,"column":32}}]},"16":{"loc":{"start":{"line":43,"column":48},"end":{"line":43,"column":null}},"type":"cond-expr","locations":[{"start":{"line":43,"column":55},"end":{"line":43,"column":null}},{"start":{"line":43,"column":55},"end":{"line":43,"column":null}}]},"17":{"loc":{"start":{"line":43,"column":48},"end":{"line":43,"column":55}},"type":"binary-expr","locations":[{"start":{"line":43,"column":48},"end":{"line":43,"column":null}},{"start":{"line":43,"column":48},"end":{"line":43,"column":55}}]},"18":{"loc":{"start":{"line":48,"column":32},"end":{"line":48,"column":37}},"type":"cond-expr","locations":[{"start":{"line":48,"column":35},"end":{"line":48,"column":37}},{"start":{"line":48,"column":35},"end":{"line":48,"column":37}}]},"19":{"loc":{"start":{"line":48,"column":32},"end":{"line":48,"column":35}},"type":"binary-expr","locations":[{"start":{"line":48,"column":32},"end":{"line":48,"column":37}},{"start":{"line":48,"column":32},"end":{"line":48,"column":35}}]},"20":{"loc":{"start":{"line":48,"column":52},"end":{"line":48,"column":null}},"type":"cond-expr","locations":[{"start":{"line":48,"column":59},"end":{"line":48,"column":null}},{"start":{"line":48,"column":59},"end":{"line":48,"column":null}}]},"21":{"loc":{"start":{"line":48,"column":52},"end":{"line":48,"column":59}},"type":"binary-expr","locations":[{"start":{"line":48,"column":52},"end":{"line":48,"column":null}},{"start":{"line":48,"column":52},"end":{"line":48,"column":59}}]},"22":{"loc":{"start":{"line":58,"column":30},"end":{"line":58,"column":35}},"type":"cond-expr","locations":[{"start":{"line":58,"column":33},"end":{"line":58,"column":35}},{"start":{"line":58,"column":33},"end":{"line":58,"column":35}}]},"23":{"loc":{"start":{"line":58,"column":30},"end":{"line":58,"column":33}},"type":"binary-expr","locations":[{"start":{"line":58,"column":30},"end":{"line":58,"column":35}},{"start":{"line":58,"column":30},"end":{"line":58,"column":33}}]},"24":{"loc":{"start":{"line":58,"column":50},"end":{"line":58,"column":null}},"type":"cond-expr","locations":[{"start":{"line":58,"column":57},"end":{"line":58,"column":null}},{"start":{"line":58,"column":57},"end":{"line":58,"column":null}}]},"25":{"loc":{"start":{"line":58,"column":50},"end":{"line":58,"column":57}},"type":"binary-expr","locations":[{"start":{"line":58,"column":50},"end":{"line":58,"column":null}},{"start":{"line":58,"column":50},"end":{"line":58,"column":57}}]},"26":{"loc":{"start":{"line":68,"column":32},"end":{"line":68,"column":37}},"type":"cond-expr","locations":[{"start":{"line":68,"column":35},"end":{"line":68,"column":37}},{"start":{"line":68,"column":35},"end":{"line":68,"column":37}}]},"27":{"loc":{"start":{"line":68,"column":32},"end":{"line":68,"column":35}},"type":"binary-expr","locations":[{"start":{"line":68,"column":32},"end":{"line":68,"column":37}},{"start":{"line":68,"column":32},"end":{"line":68,"column":35}}]},"28":{"loc":{"start":{"line":68,"column":54},"end":{"line":68,"column":null}},"type":"cond-expr","locations":[{"start":{"line":68,"column":61},"end":{"line":68,"column":null}},{"start":{"line":68,"column":61},"end":{"line":68,"column":null}}]},"29":{"loc":{"start":{"line":68,"column":54},"end":{"line":68,"column":61}},"type":"binary-expr","locations":[{"start":{"line":68,"column":54},"end":{"line":68,"column":null}},{"start":{"line":68,"column":54},"end":{"line":68,"column":61}}]},"30":{"loc":{"start":{"line":82,"column":32},"end":{"line":82,"column":37}},"type":"cond-expr","locations":[{"start":{"line":82,"column":35},"end":{"line":82,"column":37}},{"start":{"line":82,"column":35},"end":{"line":82,"column":37}}]},"31":{"loc":{"start":{"line":82,"column":32},"end":{"line":82,"column":35}},"type":"binary-expr","locations":[{"start":{"line":82,"column":32},"end":{"line":82,"column":37}},{"start":{"line":82,"column":32},"end":{"line":82,"column":35}}]},"32":{"loc":{"start":{"line":96,"column":29},"end":{"line":96,"column":34}},"type":"cond-expr","locations":[{"start":{"line":96,"column":32},"end":{"line":96,"column":34}},{"start":{"line":96,"column":32},"end":{"line":96,"column":34}}]},"33":{"loc":{"start":{"line":96,"column":29},"end":{"line":96,"column":32}},"type":"binary-expr","locations":[{"start":{"line":96,"column":29},"end":{"line":96,"column":34}},{"start":{"line":96,"column":29},"end":{"line":96,"column":32}}]},"34":{"loc":{"start":{"line":104,"column":9},"end":{"line":104,"column":null}},"type":"cond-expr","locations":[{"start":{"line":104,"column":12},"end":{"line":104,"column":null}},{"start":{"line":104,"column":12},"end":{"line":104,"column":null}}]},"35":{"loc":{"start":{"line":104,"column":9},"end":{"line":104,"column":12}},"type":"binary-expr","locations":[{"start":{"line":104,"column":9},"end":{"line":104,"column":null}},{"start":{"line":104,"column":9},"end":{"line":104,"column":12}}]},"36":{"loc":{"start":{"line":108,"column":5},"end":{"line":108,"column":null}},"type":"cond-expr","locations":[{"start":{"line":108,"column":12},"end":{"line":108,"column":null}},{"start":{"line":108,"column":12},"end":{"line":108,"column":null}}]},"37":{"loc":{"start":{"line":108,"column":5},"end":{"line":108,"column":12}},"type":"binary-expr","locations":[{"start":{"line":108,"column":5},"end":{"line":108,"column":null}},{"start":{"line":108,"column":5},"end":{"line":108,"column":12}}]},"38":{"loc":{"start":{"line":123,"column":9},"end":{"line":123,"column":null}},"type":"cond-expr","locations":[{"start":{"line":123,"column":12},"end":{"line":123,"column":null}},{"start":{"line":123,"column":12},"end":{"line":123,"column":null}}]},"39":{"loc":{"start":{"line":123,"column":9},"end":{"line":123,"column":12}},"type":"binary-expr","locations":[{"start":{"line":123,"column":9},"end":{"line":123,"column":null}},{"start":{"line":123,"column":9},"end":{"line":123,"column":12}}]},"40":{"loc":{"start":{"line":127,"column":5},"end":{"line":127,"column":null}},"type":"cond-expr","locations":[{"start":{"line":127,"column":12},"end":{"line":127,"column":null}},{"start":{"line":127,"column":12},"end":{"line":127,"column":null}}]},"41":{"loc":{"start":{"line":127,"column":5},"end":{"line":127,"column":12}},"type":"binary-expr","locations":[{"start":{"line":127,"column":5},"end":{"line":127,"column":null}},{"start":{"line":127,"column":5},"end":{"line":127,"column":12}}]},"42":{"loc":{"start":{"line":135,"column":32},"end":{"line":135,"column":37}},"type":"cond-expr","locations":[{"start":{"line":135,"column":35},"end":{"line":135,"column":37}},{"start":{"line":135,"column":35},"end":{"line":135,"column":37}}]},"43":{"loc":{"start":{"line":135,"column":32},"end":{"line":135,"column":35}},"type":"binary-expr","locations":[{"start":{"line":135,"column":32},"end":{"line":135,"column":37}},{"start":{"line":135,"column":32},"end":{"line":135,"column":35}}]},"44":{"loc":{"start":{"line":173,"column":27},"end":{"line":173,"column":33}},"type":"cond-expr","locations":[{"start":{"line":173,"column":30},"end":{"line":173,"column":33}},{"start":{"line":173,"column":30},"end":{"line":173,"column":33}}]},"45":{"loc":{"start":{"line":173,"column":27},"end":{"line":173,"column":30}},"type":"binary-expr","locations":[{"start":{"line":173,"column":27},"end":{"line":173,"column":33}},{"start":{"line":173,"column":27},"end":{"line":173,"column":30}}]},"46":{"loc":{"start":{"line":173,"column":33},"end":{"line":173,"column":null}},"type":"cond-expr","locations":[{"start":{"line":173,"column":40},"end":{"line":173,"column":null}},{"start":{"line":173,"column":40},"end":{"line":173,"column":null}}]},"47":{"loc":{"start":{"line":173,"column":33},"end":{"line":173,"column":40}},"type":"binary-expr","locations":[{"start":{"line":173,"column":33},"end":{"line":173,"column":null}},{"start":{"line":173,"column":33},"end":{"line":173,"column":40}}]},"48":{"loc":{"start":{"line":178,"column":34},"end":{"line":178,"column":40}},"type":"cond-expr","locations":[{"start":{"line":178,"column":37},"end":{"line":178,"column":40}},{"start":{"line":178,"column":37},"end":{"line":178,"column":40}}]},"49":{"loc":{"start":{"line":178,"column":34},"end":{"line":178,"column":37}},"type":"binary-expr","locations":[{"start":{"line":178,"column":34},"end":{"line":178,"column":40}},{"start":{"line":178,"column":34},"end":{"line":178,"column":37}}]},"50":{"loc":{"start":{"line":178,"column":40},"end":{"line":178,"column":null}},"type":"cond-expr","locations":[{"start":{"line":178,"column":47},"end":{"line":178,"column":null}},{"start":{"line":178,"column":47},"end":{"line":178,"column":null}}]},"51":{"loc":{"start":{"line":178,"column":40},"end":{"line":178,"column":47}},"type":"binary-expr","locations":[{"start":{"line":178,"column":40},"end":{"line":178,"column":null}},{"start":{"line":178,"column":40},"end":{"line":178,"column":47}}]},"52":{"loc":{"start":{"line":184,"column":36},"end":{"line":184,"column":41}},"type":"cond-expr","locations":[{"start":{"line":184,"column":39},"end":{"line":184,"column":41}},{"start":{"line":184,"column":39},"end":{"line":184,"column":41}}]},"53":{"loc":{"start":{"line":184,"column":36},"end":{"line":184,"column":39}},"type":"binary-expr","locations":[{"start":{"line":184,"column":36},"end":{"line":184,"column":41}},{"start":{"line":184,"column":36},"end":{"line":184,"column":39}}]},"54":{"loc":{"start":{"line":184,"column":58},"end":{"line":184,"column":null}},"type":"cond-expr","locations":[{"start":{"line":184,"column":65},"end":{"line":184,"column":null}},{"start":{"line":184,"column":65},"end":{"line":184,"column":null}}]},"55":{"loc":{"start":{"line":184,"column":58},"end":{"line":184,"column":65}},"type":"binary-expr","locations":[{"start":{"line":184,"column":58},"end":{"line":184,"column":null}},{"start":{"line":184,"column":58},"end":{"line":184,"column":65}}]},"56":{"loc":{"start":{"line":195,"column":30},"end":{"line":195,"column":35}},"type":"cond-expr","locations":[{"start":{"line":195,"column":33},"end":{"line":195,"column":35}},{"start":{"line":195,"column":33},"end":{"line":195,"column":35}}]},"57":{"loc":{"start":{"line":195,"column":30},"end":{"line":195,"column":33}},"type":"binary-expr","locations":[{"start":{"line":195,"column":30},"end":{"line":195,"column":35}},{"start":{"line":195,"column":30},"end":{"line":195,"column":33}}]},"58":{"loc":{"start":{"line":195,"column":50},"end":{"line":195,"column":null}},"type":"cond-expr","locations":[{"start":{"line":195,"column":57},"end":{"line":195,"column":null}},{"start":{"line":195,"column":57},"end":{"line":195,"column":null}}]},"59":{"loc":{"start":{"line":195,"column":50},"end":{"line":195,"column":57}},"type":"binary-expr","locations":[{"start":{"line":195,"column":50},"end":{"line":195,"column":null}},{"start":{"line":195,"column":50},"end":{"line":195,"column":57}}]},"60":{"loc":{"start":{"line":200,"column":28},"end":{"line":200,"column":33}},"type":"cond-expr","locations":[{"start":{"line":200,"column":31},"end":{"line":200,"column":33}},{"start":{"line":200,"column":31},"end":{"line":200,"column":33}}]},"61":{"loc":{"start":{"line":200,"column":28},"end":{"line":200,"column":31}},"type":"binary-expr","locations":[{"start":{"line":200,"column":28},"end":{"line":200,"column":33}},{"start":{"line":200,"column":28},"end":{"line":200,"column":31}}]},"62":{"loc":{"start":{"line":200,"column":47},"end":{"line":200,"column":null}},"type":"cond-expr","locations":[{"start":{"line":200,"column":54},"end":{"line":200,"column":null}},{"start":{"line":200,"column":54},"end":{"line":200,"column":null}}]},"63":{"loc":{"start":{"line":200,"column":47},"end":{"line":200,"column":54}},"type":"binary-expr","locations":[{"start":{"line":200,"column":47},"end":{"line":200,"column":null}},{"start":{"line":200,"column":47},"end":{"line":200,"column":54}}]},"64":{"loc":{"start":{"line":205,"column":28},"end":{"line":205,"column":33}},"type":"cond-expr","locations":[{"start":{"line":205,"column":31},"end":{"line":205,"column":33}},{
[...]
"line":79,"column":34},"end":{"line":79,"column":37}},{"start":{"line":79,"column":34},"end":{"line":79,"column":37}}]},"25":{"loc":{"start":{"line":79,"column":27},"end":{"line":79,"column":34}},"type":"binary-expr","locations":[{"start":{"line":79,"column":27},"end":{"line":79,"column":37}},{"start":{"line":79,"column":27},"end":{"line":79,"column":34}}]},"26":{"loc":{"start":{"line":79,"column":37},"end":{"line":79,"column":null}},"type":"cond-expr","locations":[{"start":{"line":79,"column":44},"end":{"line":79,"column":null}},{"start":{"line":79,"column":44},"end":{"line":79,"column":null}}]},"27":{"loc":{"start":{"line":79,"column":37},"end":{"line":79,"column":44}},"type":"binary-expr","locations":[{"start":{"line":79,"column":37},"end":{"line":79,"column":null}},{"start":{"line":79,"column":37},"end":{"line":79,"column":44}}]},"28":{"loc":{"start":{"line":97,"column":24},"end":{"line":97,"column":34}},"type":"cond-expr","locations":[{"start":{"line":97,"column":31},"end":{"line":97,"column":34}},{"start":{"line":97,"column":31},"end":{"line":97,"column":34}}]},"29":{"loc":{"start":{"line":97,"column":24},"end":{"line":97,"column":31}},"type":"binary-expr","locations":[{"start":{"line":97,"column":24},"end":{"line":97,"column":34}},{"start":{"line":97,"column":24},"end":{"line":97,"column":31}}]},"30":{"loc":{"start":{"line":97,"column":34},"end":{"line":97,"column":null}},"type":"cond-expr","locations":[{"start":{"line":97,"column":41},"end":{"line":97,"column":null}},{"start":{"line":97,"column":41},"end":{"line":97,"column":null}}]},"31":{"loc":{"start":{"line":97,"column":34},"end":{"line":97,"column":41}},"type":"binary-expr","locations":[{"start":{"line":97,"column":34},"end":{"line":97,"column":null}},{"start":{"line":97,"column":34},"end":{"line":97,"column":41}}]},"32":{"loc":{"start":{"line":116,"column":26},"end":{"line":116,"column":36}},"type":"cond-expr","locations":[{"start":{"line":116,"column":33},"end":{"line":116,"column":36}},{"start":{"line":116,"column":33},"end":{"line":116,"column":36}}]},"33":{"loc":{"start":{"line":116,"column":26},"end":{"line":116,"column":33}},"type":"binary-expr","locations":[{"start":{"line":116,"column":26},"end":{"line":116,"column":36}},{"start":{"line":116,"column":26},"end":{"line":116,"column":33}}]},"34":{"loc":{"start":{"line":116,"column":36},"end":{"line":116,"column":null}},"type":"cond-expr","locations":[{"start":{"line":116,"column":43},"end":{"line":116,"column":null}},{"start":{"line":116,"column":43},"end":{"line":116,"column":null}}]},"35":{"loc":{"start":{"line":116,"column":36},"end":{"line":116,"column":43}},"type":"binary-expr","locations":[{"start":{"line":116,"column":36},"end":{"line":116,"column":null}},{"start":{"line":116,"column":36},"end":{"line":116,"column":43}}]},"36":{"loc":{"start":{"line":134,"column":29},"end":{"line":134,"column":39}},"type":"cond-expr","locations":[{"start":{"line":134,"column":36},"end":{"line":134,"column":39}},{"start":{"line":134,"column":36},"end":{"line":134,"column":39}}]},"37":{"loc":{"start":{"line":134,"column":29},"end":{"line":134,"column":36}},"type":"binary-expr","locations":[{"start":{"line":134,"column":29},"end":{"line":134,"column":39}},{"start":{"line":134,"column":29},"end":{"line":134,"column":36}}]},"38":{"loc":{"start":{"line":134,"column":39},"end":{"line":134,"column":null}},"type":"cond-expr","locations":[{"start":{"line":134,"column":46},"end":{"line":134,"column":null}},{"start":{"line":134,"column":46},"end":{"line":134,"column":null}}]},"39":{"loc":{"start":{"line":134,"column":39},"end":{"line":134,"column":46}},"type":"binary-expr","locations":[{"start":{"line":134,"column":39},"end":{"line":134,"column":null}},{"start":{"line":134,"column":39},"end":{"line":134,"column":46}}]},"40":{"loc":{"start":{"line":163,"column":27},"end":{"line":163,"column":36}},"type":"cond-expr","locations":[{"start":{"line":163,"column":34},"end":{"line":163,"column":36}},{"start":{"line":163,"column":34},"end":{"line":163,"column":36}}]},"41":{"loc":{"start":{"line":163,"column":27},"end":{"line":163,"column":34}},"type":"binary-expr","locations":[{"start":{"line":163,"column":27},"end":{"line":163,"column":36}},{"start":{"line":163,"column":27},"end":{"line":163,"column":34}}]},"42":{"loc":{"start":{"line":163,"column":52},"end":{"line":163,"column":null}},"type":"cond-expr","locations":[{"start":{"line":163,"column":59},"end":{"line":163,"column":null}},{"start":{"line":163,"column":59},"end":{"line":163,"column":null}}]},"43":{"loc":{"start":{"line":163,"column":52},"end":{"line":163,"column":59}},"type":"binary-expr","locations":[{"start":{"line":163,"column":52},"end":{"line":163,"column":null}},{"start":{"line":163,"column":52},"end":{"line":163,"column":59}}]},"44":{"loc":{"start":{"line":185,"column":13},"end":{"line":185,"column":null}},"type":"cond-expr","locations":[{"start":{"line":185,"column":20},"end":{"line":185,"column":null}},{"start":{"line":185,"column":20},"end":{"line":185,"column":null}}]},"45":{"loc":{"start":{"line":185,"column":13},"end":{"line":185,"column":20}},"type":"binary-expr","locations":[{"start":{"line":185,"column":13},"end":{"line":185,"column":null}},{"start":{"line":185,"column":13},"end":{"line":185,"column":20}}]},"46":{"loc":{"start":{"line":188,"column":5},"end":{"line":188,"column":null}},"type":"cond-expr","locations":[{"start":{"line":188,"column":12},"end":{"line":188,"column":null}},{"start":{"line":188,"column":12},"end":{"line":188,"column":null}}]},"47":{"loc":{"start":{"line":188,"column":5},"end":{"line":188,"column":12}},"type":"binary-expr","locations":[{"start":{"line":188,"column":5},"end":{"line":188,"column":null}},{"start":{"line":188,"column":5},"end":{"line":188,"column":12}}]},"48":{"loc":{"start":{"line":214,"column":13},"end":{"line":214,"column":null}},"type":"cond-expr","locations":[{"start":{"line":214,"column":20},"end":{"line":214,"column":null}},{"start":{"line":214,"column":20},"end":{"line":214,"column":null}}]},"49":{"loc":{"start":{"line":214,"column":13},"end":{"line":214,"column":20}},"type":"binary-expr","locations":[{"start":{"line":214,"column":13},"end":{"line":214,"column":null}},{"start":{"line":214,"column":13},"end":{"line":214,"column":20}}]},"50":{"loc":{"start":{"line":218,"column":5},"end":{"line":218,"column":null}},"type":"cond-expr","locations":[{"start":{"line":218,"column":12},"end":{"line":218,"column":null}},{"start":{"line":218,"column":12},"end":{"line":218,"column":null}}]},"51":{"loc":{"start":{"line":218,"column":5},"end":{"line":218,"column":12}},"type":"binary-expr","locations":[{"start":{"line":218,"column":5},"end":{"line":218,"column":null}},{"start":{"line":218,"column":5},"end":{"line":218,"column":12}}]},"52":{"loc":{"start":{"line":363,"column":13},"end":{"line":363,"column":null}},"type":"cond-expr","locations":[{"start":{"line":363,"column":20},"end":{"line":363,"column":null}},{"start":{"line":363,"column":20},"end":{"line":363,"column":null}}]},"53":{"loc":{"start":{"line":363,"column":13},"end":{"line":363,"column":20}},"type":"binary-expr","locations":[{"start":{"line":363,"column":13},"end":{"line":363,"column":null}},{"start":{"line":363,"column":13},"end":{"line":363,"column":20}}]},"54":{"loc":{"start":{"line":366,"column":5},"end":{"line":366,"column":null}},"type":"cond-expr","locations":[{"start":{"line":366,"column":12},"end":{"line":366,"column":null}},{"start":{"line":366,"column":12},"end":{"line":366,"column":null}}]},"55":{"loc":{"start":{"line":366,"column":5},"end":{"line":366,"column":12}},"type":"binary-expr","locations":[{"start":{"line":366,"column":5},"end":{"line":366,"column":null}},{"start":{"line":366,"column":5},"end":{"line":366,"column":12}}]},"56":{"loc":{"start":{"line":418,"column":13},"end":{"line":418,"column":null}},"type":"cond-expr","locations":[{"start":{"line":418,"column":20},"end":{"line":418,"column":null}},{"start":{"line":418,"column":20},"end":{"line":418,"column":null}}]},"57":{"loc":{"start":{"line":418,"column":13},"end":{"line":418,"column":20}},"type":"binary-expr","locations":[{"start":{"line":418,"column":13},"end":{"line":418,"column":null}},{"start":{"line":418,"column":13},"end":{"line":418,"column":20}}]},"58":{"loc":{"start":{"line":421,"column":5},"end":{"line":421,"column":null}},"type":"cond-expr","locations":[{"start":{"line":421,"column":12},"end":{"line":421,"column":null}},{"start":{"line":421,"column":12},"end":{"line":421,"column":null}}]},"59":{"loc":{"start":{"line":421,"column":5},"end":{"line":421,"column":12}},"type":"binary-expr","locations":[{"start":{"line":421,"column":5},"end":{"line":421,"column":null}},{"start":{"line":421,"column":5},"end":{"line":421,"column":12}}]},"60":{"loc":{"start":{"line":465,"column":28},"end":{"line":465,"column":37}},"type":"cond-expr","locations":[{"start":{"line":465,"column":35},"end":{"line":465,"column":37}},{"start":{"line":465,"column":35},"end":{"line":465,"column":37}}]},"61":{"loc":{"start":{"line":465,"column":28},"end":{"line":465,"column":35}},"type":"binary-expr","locations":[{"start":{"line":465,"column":28},"end":{"line":465,"column":37}},{"start":{"line":465,"column":28},"end":{"line":465,"column":35}}]},"62":{"loc":{"start":{"line":465,"column":35},"end":{"line":465,"column":null}},"type":"cond-expr","locations":[{"start":{"line":465,"column":54},"end":{"line":465,"column":null}},{"start":{"line":465,"column":54},"end":{"line":465,"column":null}}]},"63":{"loc":{"start":{"line":465,"column":35},"end":{"line":465,"column":54}},"type":"binary-expr","locations":[{"start":{"line":465,"column":35},"end":{"line":465,"column":null}},{"start":{"line":465,"column":44},"end":{"line":465,"column":54}}]},"64":{"loc":{"start":{"line":484,"column":34},"end":{"line":484,"column":null}},"type":"cond-expr","locations":[{"start":{"line":484,"column":41},"end":{"line":484,"column":null}},{"start":{"line":484,"column":41},"end":{"line":484,"column":null}}]},"65":{"loc":{"start":{"line":484,"column":34},"end":{"line":484,"column":41}},"type":"binary-expr","locations":[{"start":{"line":484,"column":34},"end":{"line":484,"column":null}},{"start":{"line":484,"column":34},"end":{"line":484,"column":41}}]},"66":{"loc":{"start":{"line":503,"column":22},"end":{"line":503,"column":31}},"type":"cond-expr","locations":[{"start":{"line":503,"column":29},"end":{"line":503,"column":31}},{"start":{"line":503,"column":29},"end":{"line":503,"column":31}}]},"67":{"loc":{"start":{"line":503,"column":22},"end":{"line":503,"column":29}},"type":"binary-expr","locations":[{"start":{"line":503,"column":22},"end":{"line":503,"column":31}},{"start":{"line":503,"column":22},"end":{"line":503,"column":29}}]},"68":{"loc":{"start":{"line":503,"column":48},"end":{"line":503,"column":null}},"type":"cond-expr","locations":[{"start":{"line":503,"column":55},"end":{"line":503,"column":null}},{"start":{"line":503,"column":55},"end":{"line":503,"column":null}}]},"69":{"loc":{"start":{"line":503,"column":48},"end":{"line":503,"column":55}},"type":"binary-expr","locations":[{"start":{"line":503,"column":48},"end":{"line":503,"column":null}},{"start":{"line":503,"column":48},"end":{"line":503,"column":55}}]},"70":{"loc":{"start":{"line":568,"column":22},"end":{"line":568,"column":31}},"type":"cond-expr","locations":[{"start":{"line":568,"column":29},"end":{"line":568,"column":31}},{"start":{"line":568,"column":29},"end":{"line":568,"column":31}}]},"71":{"loc":{"start":{"line":568,"column":22},"end":{"line":568,"column":29}},"type":"binary-expr","locations":[{"start":{"line":568,"column":22},"end":{"line":568,"column":31}},{"start":{"line":568,"column":22},"end":{"line":568,"column":29}}]},"72":{"loc":{"start":{"line":568,"column":48},"end":{"line":568,"column":null}},"type":"cond-expr","locations":[{"start":{"line":568,"column":55},"end":{"line":568,"column":null}},{"start":{"line":568,"column":55},"end":{"line":568,"column":null}}]},"73":{"loc":{"start":{"line":568,"column":48},"end":{"line":568,"column":55}},"type":"binary-expr","locations":[{"start":{"line":568,"column":48},"end":{"line":568,"column":null}},{"start":{"line":568,"column":48},"end":{"line":568,"column":55}}]},"74":{"loc":{"start":{"line":617,"column":13},"end":{"line":617,"column":null}},"type":"cond-expr","locations":[{"start":{"line":617,"column":20},"end":{"line":617,"column":null}},{"start":{"line":617,"column":20},"end":{"line":617,"column":null}}]},"75":{"loc":{"start":{"line":617,"column":13},"end":{"line":617,"column":20}},"type":"binary-expr","locations":[{"start":{"line":617,"column":13},"end":{"line":617,"column":null}},{"start":{"line":617,"column":13},"end":{"line":617,"column":20}}]},"76":{"loc":{"start":{"line":620,"column":5},"end":{"line":620,"column":null}},"type":"cond-expr","locations":[{"start":{"line":620,"column":12},"end":{"line":620,"column":null}},{"start":{"line":620,"column":12},"end":{"line":620,"column":null}}]},"77":{"loc":{"start":{"line":620,"column":5},"end":{"line":620,"column":12}},"type":"binary-expr","locations":[{"start":{"line":620,"column":5},"end":{"line":620,"column":null}},{"start":{"line":620,"column":5},"end":{"line":620,"column":12}}]},"78":{"loc":{"start":{"line":663,"column":38},"end":{"line":663,"column":48}},"type":"cond-expr","locations":[{"start":{"line":663,"column":45},"end":{"line":663,"column":48}},{"start":{"line":663,"column":45},"end":{"line":663,"column":48}}]},"79":{"loc":{"start":{"line":663,"column":38},"end":{"line":663,"column":45}},"type":"binary-expr","locations":[{"start":{"line":663,"column":38},"end":{"line":663,"column":48}},{"start":{"line":663,"column":38},"end":{"line":663,"column":45}}]},"80":{"loc":{"start":{"line":663,"column":48},"end":{"line":663,"column":null}},"type":"cond-expr","locations":[{"start":{"line":663,"column":55},"end":{"line":663,"column":null}},{"start":{"line":663,"column":55},"end":{"line":663,"column":null}}]},"81":{"loc":{"start":{"line":663,"column":48},"end":{"line":663,"column":55}},"type":"binary-expr","locations":[{"start":{"line":663,"column":48},"end":{"line":663,"column":null}},{"start":{"line":663,"column":48},"end":{"line":663,"column":55}}]},"82":{"loc":{"start":{"line":684,"column":33},"end":{"line":684,"column":null}},"type":"cond-expr","locations":[{"start":{"line":684,"column":40},"end":{"line":684,"column":null}},{"start":{"line":684,"column":40},"end":{"line":684,"column":null}}]},"83":{"loc":{"start":{"line":684,"column":33},"end":{"line":684,"column":40}},"type":"binary-expr","locations":[{"start":{"line":684,"column":33},"end":{"line":684,"column":null}},{"start":{"line":684,"column":33},"end":{"line":684,"column":40}}]}},"s":{"0":0,"1":0,"2":0,"3":0,"4":0,"5":0,"6":0,"7":0,"8":0,"9":0,"10":0,"11":0,"12":0,"13":0,"14":0,"15":0,"16":0,"17":0,"18":0,"19":0,"20":0,"21":0,"22":0,"23":0,"24":0,"25":0,"26":0,"27":0,"28":0,"29":0,"30":0,"31":0,"32":0,"33":0,"34":0,"35":0,"36":0,"37":0,"38":0,"39":0,"40":0,"41":0,"42":0,"43":0,"44":0,"45":0,"46":0,"47":0,"48":0,"49":0,"50":0,"51":0,"52":0,"53":0,"54":0,"55":0,"56":0,"57":0,"58":0,"59":0,"60":0,"61":0,"62":0,"63":0,"64":0,"65":0,"66":0,"67":0,"68":0,"69":0,"70":0,"71":0,"72":0,"73":0,"74":0,"75":0,"76":0,"77":0,"78":0,"79":0,"80":0,"81":0,"82":0,"83":0,"84":0,"85":0,"86":0,"87":0,"88":0,"89":0,"90":0,"91":0,"92":0,"93":0,"94":0,"95":0,"96":0,"97":0,"98":0,"99":0,"100":0,"101":0,"102":0,"103":0,"104":0,"105":0,"106":0,"107":0,"108":0,"109":0,"110":0,"111":0,"112":0,"113":0,"114":0,"115":0,"116":0,"117":0,"118":0,"119":0,"120":0,"121":0,"122":0,"123":0,"124":0,"125":0,"126":0,"127":0,"128":0,"129":0,"130":0,"131":0,"132":0,"133":0,"134":0,"135":0,"136":0,"137":0,"138":0,"139":0,"140":0,"141":0,"142":0,"143":0,"144":0,"145":0,"146":0,"147":0,"148":0,"149":0,"150":0,"151":0,"152":0,"153":0,"154":0,"155":0,"156":0,"157":0,"158":0,"159":0,"160":0,"161":0,"162":0,"163":0,"164":0,"165":0,"166":0,"167":0,"168":0,"169":0,"170":0,"171":0,"172":0,"173":0,"174":0,"175":0,"176":0,"177":0,"178":0,"179":0,"180":0,"181":0,"182":0,"183":0,"184":0,"185":0,"186":0,"187":0,"188":0,"189":0,"190":0,"191":0,"192":0,"193":0,"194":0,"195":0,"196":0,"197":0,"198":0,"199":0,"200":0,"201":0,"202":0,"203":0,"204":0,"205":0,"206":0,"207":0,"208":0},"f":{"0":0,"1":0,"2":0,"3":0,"4":0,"5":0,"6":0,"7":0,"8":0,"9":0,"10":0,"11":0,"12":0,"13":0,"14":0,"15":0,"16":0,"17":0,"18":0,"19":0,"20":0},"b":{"0":[0,0],"1":[0,0],"2":[0,0],"3":[0,0],"4":[0,0],"5":[0,0],"6":[0,0],"7":[0,0],"8":[0,0],"9":[0,0],"10":[0,0],"11":[0,0],"12":[0,0],"13":[0,0],"14":[0,0],"15":[0,0],"16":[0,0],"17":[0,0],"18":[0,0],"19":[0,0],"20":[0,0],"21":[0,0],"22":[0,0],"23":[0,0],"24":[0,0],"25":[0,0],"26":[0,0],"27":[0,0],"28":[0,0],"29":[0,0],"30":[0,0],"31":[0,0],"32":[0,0],"33":[0,0],"34":[0,0],"35":[0,0],"36":[0,0],"37":[0,0],"38":[0,0],"39":[0,0],"40":[0,0],"41":[0,0],"42":[0,0],"43":[0,0],"44":[0,0],"45":[0,0],"46":[0,0],"47":[0,0],"48":[0,0],"49":[0,0],"50":[0,0],"51":[0,0],"52":[0,0],"53":[0,0],"54":[0,0],"55":[0,0],"56":[0,0],"57":[0,0],"58":[0,0],"59":[0,0],"60":[0,0],"61":[0,0],"62":[0,0],"63":[0,0],"64":[0,0],"65":[0,0],"66":[0,0],"67":[0,0],"68":[0,0],"69":[0,0],"70":[0,0],"71":[0,0],"72":[0,0],"73":[0,0],"74":[0,0],"75":[0,0],"76":[0,0],"77":[0,0],"78":[0,0],"79":[0,0],"80":[0,0],"81":[0,0],"82":[0,0],"83":[0,0]}},"/home/tvenceslau/local-workspace/decaf-ts/for-fabric/src/contracts/erc20/models.ts":{"path":"/home/tvenceslau/local-workspace/decaf-ts/for-fabric/src/contracts/erc20/models.ts","statementMap":{"0":{"start":{"line":1,"column":0},"end":{"line":1,"column":62}},"1":{"start":{"line":2,"column":0},"end":{"line":2,"column":80}},"2":{"start":{"line":25,"column":7},"end":{"line":58,"column":null}},"3":{"start":{"line":56,"column":4},"end":{"line":56,"column":13}},"4":{"start":{"line":25,"column":13},"end":{"line":25,"column":23}},"5":{"start":{"line":31,"column":2},"end":{"line":31,"column":null}},"6":{"start":{"line":39,"column":2},"end":{"line":39,"column":null}},"7":{"start":{"line":46,"column":2},"end":{"line":46,"column":null}},"8":{"start":{"line":53,"column":2},"end":{"line":53,"column":null}},"9":{"start":{"line":25,"column":13},"end":{"line":58,"column":null}},"10":{"start":{"line":78,"column":7},"end":{"line":112,"column":null}},"11":{"start":{"line":110,"column":4},"end":{"line":110,"column":13}},"12":{"start":{"line":78,"column":13},"end":{"line":78,"column":24}},"13":{"start":{"line":84,"column":2},"end":{"line":84,"column":null}},"14":{"start":{"line":92,"column":2},"end":{"line":92,"column":null}},"15":{"start":{"line":100,"column":2},"end":{"line":100,"column":null}},"16":{"start":{"line":107,"column":2},"end":{"line":107,"column":null}},"17":{"start":{"line":78,"column":13},"end":{"line":112,"column":null}},"18":{"start":{"line":129,"column":7},"end":{"line":162,"column":null}},"19":{"start":{"line":160,"column":4},"end":{"line":160,"column":13}},"20":{"start":{"line":129,"column":13},"end":{"line":129,"column":22}},"21":{"start":{"line":141,"column":2},"end":{"line":141,"column":null}},"22":{"start":{"line":149,"column":2},"end":{"line":149,"column":null}},"23":{"start":{"line":157,"column":2},"end":{"line":157,"column":null}},"24":{"start":{"line":129,"column":13},"end":{"line":162,"column":null}}},"fnMap":{"0":{"name":"(anonymous_2)","decl":{"start":{"line":55,"column":2},"end":{"line":55,"column":14}},"loc":{"start":{"line":55,"column":39},"end":{"line":57,"column":3}}},"1":{"name":"(anonymous_3)","decl":{"start":{"line":109,"column":2},"end":{"line":109,"column":14}},"loc":{"start":{"line":109,"column":39},"end":{"line":111,"column":3}}},"2":{"name":"(anonymous_4)","decl":{"start":{"line":159,"column":2},"end":{"line":159,"column":14}},"loc":{"start":{"line":159,"column":37},"end":{"line":161,"column":3}}}},"branchMap":{},"s":{"0":0,"1":0,"2":0,"3":0,"4":0,"5":0,"6":0,"7":0,"8":0,"9":0,"10":0,"11":0,"12":0,"13":0,"14":0,"15":0,"16":0,"17":0,"18":0,"19":0,"20":0,"21":0,"22":0,"23":0,"24":0},"f":{"0":0,"1":0,"2":0},"b":{}}}}
